2025-10-17 05:26:24.665 INFO  [main] com.micro.job.JobApplication - Starting JobApplication using Java 17.0.14 with PID 7240 (C:\Users\eeshu\Downloads\application\job\build\classes\java\main started by eeshu in C:\Users\eeshu\Downloads\application)
2025-10-17 05:26:24.666 INFO  [main] com.micro.job.JobApplication - The following 1 profile is active: "DEV"
2025-10-17 05:26:24.723 INFO  [main] o.s.c.c.c.ConfigServerConfigDataLoader - Fetching config from server at : http://localhost:8080
2025-10-17 05:26:24.723 INFO  [main] o.s.c.c.c.ConfigServerConfigDataLoader - Located environment: name=application, profiles=[default], label=null, version=2d22e96bb5664f4e78a2c074615fe7bd0c755aac, state=
2025-10-17 05:26:24.723 INFO  [main] o.s.c.c.c.ConfigServerConfigDataLoader - Fetching config from server at : http://localhost:8080
2025-10-17 05:26:24.724 INFO  [main] o.s.c.c.c.ConfigServerConfigDataLoader - Located environment: name=JOB-DEFAULT, profiles=[DEV], label=null, version=2d22e96bb5664f4e78a2c074615fe7bd0c755aac, state=
2025-10-17 05:26:24.724 INFO  [main] o.s.c.c.c.ConfigServerConfigDataLoader - Fetching config from server at : http://localhost:8080
2025-10-17 05:26:24.724 INFO  [main] o.s.c.c.c.ConfigServerConfigDataLoader - Located environment: name=JOB-DEFAULT, profiles=[default], label=null, version=2d22e96bb5664f4e78a2c074615fe7bd0c755aac, state=
2025-10-17 05:26:25.654 INFO  [main] o.s.d.r.c.RepositoryConfigurationDelegate - Bootstrapping Spring Data JPA repositories in DEFAULT mode.
2025-10-17 05:26:25.825 INFO  [main] o.s.d.r.c.RepositoryConfigurationDelegate - Finished Spring Data repository scanning in 162 ms. Found 1 JPA repository interface.
2025-10-17 05:26:26.125 INFO  [main] o.s.cloud.context.scope.GenericScope - BeanFactory id=c958a48f-4e5a-3725-b6f0-23da6df55161
2025-10-17 05:26:26.733 INFO  [main] o.s.b.w.e.tomcat.TomcatWebServer - Tomcat initialized with port 8081 (http)
2025-10-17 05:26:26.746 INFO  [main] o.a.catalina.core.StandardService - Starting service [Tomcat]
2025-10-17 05:26:26.746 INFO  [main] o.a.catalina.core.StandardEngine - Starting Servlet engine: [Apache Tomcat/10.1.46]
2025-10-17 05:26:26.809 INFO  [main] o.a.c.c.C.[.[localhost].[/api/v1] - Initializing Spring embedded WebApplicationContext
2025-10-17 05:26:26.809 INFO  [main] o.s.b.w.s.c.ServletWebServerApplicationContext - Root WebApplicationContext: initialization completed in 2083 ms
2025-10-17 05:26:27.413 INFO  [main] o.h.jpa.internal.util.LogHelper - HHH000204: Processing PersistenceUnitInfo [name: default]
2025-10-17 05:26:27.471 INFO  [main] org.hibernate.Version - HHH000412: Hibernate ORM core version 6.6.29.Final
2025-10-17 05:26:27.503 INFO  [main] o.h.c.i.RegionFactoryInitiator - HHH000026: Second-level cache disabled
2025-10-17 05:26:27.811 INFO  [main] o.s.o.j.p.SpringPersistenceUnitInfo - No LoadTimeWeaver setup: ignoring JPA class transformer
2025-10-17 05:26:27.846 INFO  [main] com.zaxxer.hikari.HikariDataSource - HikariPool-1 - Starting...
2025-10-17 05:26:27.969 INFO  [main] com.zaxxer.hikari.pool.HikariPool - HikariPool-1 - Added connection org.postgresql.jdbc.PgConnection@1a000fff
2025-10-17 05:26:27.972 INFO  [main] com.zaxxer.hikari.HikariDataSource - HikariPool-1 - Start completed.
2025-10-17 05:26:28.042 INFO  [main] o.hibernate.orm.connections.pooling - HHH10001005: Database info:
	Database JDBC URL [Connecting through datasource 'HikariDataSource (HikariPool-1)']
	Database driver: undefined/unknown
	Database version: 15.14
	Autocommit mode: undefined/unknown
	Isolation level: undefined/unknown
	Minimum pool size: undefined/unknown
	Maximum pool size: undefined/unknown
2025-10-17 05:26:28.768 INFO  [main] o.h.e.t.j.p.i.JtaPlatformInitiator - HHH000489: No JTA platform available (set 'hibernate.transaction.jta.platform' to enable JTA platform integration)
2025-10-17 05:26:28.821 INFO  [main] o.s.o.j.LocalContainerEntityManagerFactoryBean - Initialized JPA EntityManagerFactory for persistence unit 'default'
2025-10-17 05:26:29.093 WARN  [main] o.s.b.a.o.j.JpaBaseConfiguration$JpaWebConfiguration - spring.jpa.open-in-view is enabled by default. Therefore, database queries may be performed during view rendering. Explicitly configure spring.jpa.open-in-view to disable this warning
2025-10-17 05:26:29.304 INFO  [main] o.s.c.o.FeignClientFactoryBean - For 'COMPANY' URL not provided. Will try picking an instance via load-balancing.
2025-10-17 05:26:30.582 INFO  [main] o.s.c.n.e.c.DiscoveryClientOptionalArgsConfiguration - Eureka HTTP Client uses RestTemplate.
2025-10-17 05:26:30.630 WARN  [main] o.s.c.l.c.LoadBalancerCacheAutoConfiguration$LoadBalancerCaffeineWarnLogger - Spring Cloud LoadBalancer is currently working with the default cache. While this cache implementation is useful for development and tests, it's recommended to use Caffeine cache in production.You can switch to using Caffeine cache, by adding it and org.springframework.cache.caffeine.CaffeineCacheManager to the classpath.
2025-10-17 05:26:30.646 INFO  [main] o.s.b.a.e.web.EndpointLinksResolver - Exposing 1 endpoint beneath base path '/actuator'
2025-10-17 05:26:30.721 INFO  [main] o.s.c.n.eureka.InstanceInfoFactory - Setting initial instance status as: STARTING
2025-10-17 05:26:30.742 INFO  [main] c.netflix.discovery.DiscoveryClient - Initializing Eureka in region us-east-1
2025-10-17 05:26:30.745 INFO  [main] c.n.d.s.r.aws.ConfigClusterResolver - Resolving eureka endpoints via configuration
2025-10-17 05:26:30.754 INFO  [main] c.netflix.discovery.DiscoveryClient - Disable delta property : false
2025-10-17 05:26:30.754 INFO  [main] c.netflix.discovery.DiscoveryClient - Single vip registry refresh property : null
2025-10-17 05:26:30.754 INFO  [main] c.netflix.discovery.DiscoveryClient - Force full registry fetch : false
2025-10-17 05:26:30.755 INFO  [main] c.netflix.discovery.DiscoveryClient - Application is null : false
2025-10-17 05:26:30.755 INFO  [main] c.netflix.discovery.DiscoveryClient - Registered Applications size is zero : true
2025-10-17 05:26:30.755 INFO  [main] c.netflix.discovery.DiscoveryClient - Application version is -1: true
2025-10-17 05:26:30.755 INFO  [main] c.netflix.discovery.DiscoveryClient - Getting all instance registry info from the eureka server
2025-10-17 05:26:30.985 INFO  [main] c.netflix.discovery.DiscoveryClient - The response status is 200
2025-10-17 05:26:30.987 INFO  [main] c.netflix.discovery.DiscoveryClient - Starting heartbeat executor: renew interval is: 30
2025-10-17 05:26:30.989 INFO  [main] c.n.discovery.InstanceInfoReplicator - InstanceInfoReplicator onDemand update allowed rate per min is 4
2025-10-17 05:26:30.990 INFO  [main] c.netflix.discovery.DiscoveryClient - Discovery Client initialized at timestamp 1760678790990 with initial instances count: 3
2025-10-17 05:26:30.998 INFO  [main] o.s.c.n.e.s.EurekaServiceRegistry - Registering application JOB-DEV with eureka with status UP
2025-10-17 05:26:30.999 INFO  [main] c.netflix.discovery.DiscoveryClient - Saw local status change event StatusChangeEvent [timestamp=1760678790999, current=UP, previous=STARTING]
2025-10-17 05:26:31.003 INFO  [DiscoveryClient-InstanceInfoReplicator-%d] c.netflix.discovery.DiscoveryClient - DiscoveryClient_JOB-DEV/JOB-DEV:localhost:8081: registering service...
2025-10-17 05:26:31.017 INFO  [main] o.s.b.w.e.tomcat.TomcatWebServer - Tomcat started on port 8081 (http) with context path '/api/v1'
2025-10-17 05:26:31.018 INFO  [main] o.s.c.n.e.s.EurekaAutoServiceRegistration - Updating port to 8081
2025-10-17 05:26:31.045 INFO  [DiscoveryClient-InstanceInfoReplicator-%d] c.netflix.discovery.DiscoveryClient - DiscoveryClient_JOB-DEV/JOB-DEV:localhost:8081 - registration status: 204
2025-10-17 05:26:31.132 INFO  [main] com.micro.job.JobApplication - Started JobApplication in 11.391 seconds (process running for 12.353)
2025-10-17 05:26:31.237 INFO  [RMI TCP Connection(2)-10.191.90.25] o.a.c.c.C.[.[localhost].[/api/v1] - Initializing Spring DispatcherServlet 'dispatcherServlet'
2025-10-17 05:26:31.237 INFO  [RMI TCP Connection(2)-10.191.90.25] o.s.web.servlet.DispatcherServlet - Initializing Servlet 'dispatcherServlet'
2025-10-17 05:26:31.239 INFO  [RMI TCP Connection(2)-10.191.90.25] o.s.web.servlet.DispatcherServlet - Completed initialization in 2 ms
2025-10-17 05:27:19.406 INFO  [SpringApplicationShutdownHook] o.s.c.n.e.s.EurekaServiceRegistry - Unregistering application JOB-DEV with eureka with status DOWN
2025-10-17 05:27:19.406 INFO  [SpringApplicationShutdownHook] c.netflix.discovery.DiscoveryClient - Saw local status change event StatusChangeEvent [timestamp=1760678839406, current=DOWN, previous=UP]
2025-10-17 05:27:19.406 INFO  [DiscoveryClient-InstanceInfoReplicator-%d] c.netflix.discovery.DiscoveryClient - DiscoveryClient_JOB-DEV/JOB-DEV:localhost:8081: registering service...
2025-10-17 05:27:19.412 INFO  [SpringApplicationShutdownHook] o.s.b.w.e.tomcat.GracefulShutdown - Commencing graceful shutdown. Waiting for active requests to complete
2025-10-17 05:27:19.422 INFO  [DiscoveryClient-InstanceInfoReplicator-%d] c.netflix.discovery.DiscoveryClient - DiscoveryClient_JOB-DEV/JOB-DEV:localhost:8081 - registration status: 204
2025-10-17 05:27:19.475 INFO  [tomcat-shutdown] o.s.b.w.e.tomcat.GracefulShutdown - Graceful shutdown complete
2025-10-17 05:27:19.488 INFO  [SpringApplicationShutdownHook] o.s.o.j.LocalContainerEntityManagerFactoryBean - Closing JPA EntityManagerFactory for persistence unit 'default'
2025-10-17 05:27:19.493 INFO  [SpringApplicationShutdownHook] com.zaxxer.hikari.HikariDataSource - HikariPool-1 - Shutdown initiated...
2025-10-17 05:27:19.497 INFO  [SpringApplicationShutdownHook] com.zaxxer.hikari.HikariDataSource - HikariPool-1 - Shutdown completed.
2025-10-17 05:27:19.573 INFO  [SpringApplicationShutdownHook] c.netflix.discovery.DiscoveryClient - Shutting down DiscoveryClient ...
2025-10-17 05:27:22.577 INFO  [SpringApplicationShutdownHook] c.netflix.discovery.DiscoveryClient - Unregistering ...
2025-10-17 05:27:22.595 INFO  [SpringApplicationShutdownHook] c.netflix.discovery.DiscoveryClient - DiscoveryClient_JOB-DEV/JOB-DEV:localhost:8081 - deregister  status: 200
2025-10-17 05:27:22.595 INFO  [SpringApplicationShutdownHook] c.netflix.discovery.DiscoveryClient - Completed shut down of DiscoveryClient
2025-10-17T05:27:30.401Z  INFO 12332 --- [JOB-DEV] [main] [                                                 ] com.micro.job.JobApplication             : Starting JobApplication using Java 17.0.14 with PID 12332 (C:\Users\eeshu\Downloads\application\job\build\classes\java\main started by eeshu in C:\Users\eeshu\Downloads\application)
2025-10-17T05:27:30.403Z  INFO 12332 --- [JOB-DEV] [main] [                                                 ] com.micro.job.JobApplication             : The following 1 profile is active: "DEV"
2025-10-17T05:27:30.431Z  INFO 12332 --- [JOB-DEV] [main] [                                                 ] o.s.c.c.c.ConfigServerConfigDataLoader   : Fetching config from server at : http://localhost:8080
2025-10-17T05:27:30.432Z  INFO 12332 --- [JOB-DEV] [main] [                                                 ] o.s.c.c.c.ConfigServerConfigDataLoader   : Located environment: name=application, profiles=[default], label=null, version=2d22e96bb5664f4e78a2c074615fe7bd0c755aac, state=
2025-10-17T05:27:30.432Z  INFO 12332 --- [JOB-DEV] [main] [                                                 ] o.s.c.c.c.ConfigServerConfigDataLoader   : Fetching config from server at : http://localhost:8080
2025-10-17T05:27:30.432Z  INFO 12332 --- [JOB-DEV] [main] [                                                 ] o.s.c.c.c.ConfigServerConfigDataLoader   : Located environment: name=JOB-DEFAULT, profiles=[DEV], label=null, version=2d22e96bb5664f4e78a2c074615fe7bd0c755aac, state=
2025-10-17T05:27:30.432Z  INFO 12332 --- [JOB-DEV] [main] [                                                 ] o.s.c.c.c.ConfigServerConfigDataLoader   : Fetching config from server at : http://localhost:8080
2025-10-17T05:27:30.432Z  INFO 12332 --- [JOB-DEV] [main] [                                                 ] o.s.c.c.c.ConfigServerConfigDataLoader   : Located environment: name=JOB-DEFAULT, profiles=[default], label=null, version=2d22e96bb5664f4e78a2c074615fe7bd0c755aac, state=
2025-10-17T05:27:31.287Z  INFO 12332 --- [JOB-DEV] [main] [                                                 ] .s.d.r.c.RepositoryConfigurationDelegate : Bootstrapping Spring Data JPA repositories in DEFAULT mode.
2025-10-17T05:27:31.400Z  INFO 12332 --- [JOB-DEV] [main] [                                                 ] .s.d.r.c.RepositoryConfigurationDelegate : Finished Spring Data repository scanning in 104 ms. Found 1 JPA repository interface.
2025-10-17T05:27:31.643Z  INFO 12332 --- [JOB-DEV] [main] [                                                 ] o.s.cloud.context.scope.GenericScope     : BeanFactory id=c958a48f-4e5a-3725-b6f0-23da6df55161
2025-10-17T05:27:32.168Z  INFO 12332 --- [JOB-DEV] [main] [                                                 ] o.s.b.w.embedded.tomcat.TomcatWebServer  : Tomcat initialized with port 8081 (http)
2025-10-17T05:27:32.178Z  INFO 12332 --- [JOB-DEV] [main] [                                                 ] o.apache.catalina.core.StandardService   : Starting service [Tomcat]
2025-10-17T05:27:32.179Z  INFO 12332 --- [JOB-DEV] [main] [                                                 ] o.apache.catalina.core.StandardEngine    : Starting Servlet engine: [Apache Tomcat/10.1.46]
2025-10-17T05:27:32.239Z  INFO 12332 --- [JOB-DEV] [main] [                                                 ] o.a.c.c.C.[.[localhost].[/api/v1]        : Initializing Spring embedded WebApplicationContext
2025-10-17T05:27:32.239Z  INFO 12332 --- [JOB-DEV] [main] [                                                 ] w.s.c.ServletWebServerApplicationContext : Root WebApplicationContext: initialization completed in 1805 ms
2025-10-17T05:27:32.844Z  INFO 12332 --- [JOB-DEV] [main] [                                                 ] o.hibernate.jpa.internal.util.LogHelper  : HHH000204: Processing PersistenceUnitInfo [name: default]
2025-10-17T05:27:32.901Z  INFO 12332 --- [JOB-DEV] [main] [                                                 ] org.hibernate.Version                    : HHH000412: Hibernate ORM core version 6.6.29.Final
2025-10-17T05:27:32.932Z  INFO 12332 --- [JOB-DEV] [main] [                                                 ] o.h.c.internal.RegionFactoryInitiator    : HHH000026: Second-level cache disabled
2025-10-17T05:27:33.181Z  INFO 12332 --- [JOB-DEV] [main] [                                                 ] o.s.o.j.p.SpringPersistenceUnitInfo      : No LoadTimeWeaver setup: ignoring JPA class transformer
2025-10-17T05:27:33.204Z  INFO 12332 --- [JOB-DEV] [main] [                                                 ] com.zaxxer.hikari.HikariDataSource       : HikariPool-1 - Starting...
2025-10-17T05:27:33.307Z  INFO 12332 --- [JOB-DEV] [main] [                                                 ] com.zaxxer.hikari.pool.HikariPool        : HikariPool-1 - Added connection org.postgresql.jdbc.PgConnection@72ae1007
2025-10-17T05:27:33.309Z  INFO 12332 --- [JOB-DEV] [main] [                                                 ] com.zaxxer.hikari.HikariDataSource       : HikariPool-1 - Start completed.
2025-10-17T05:27:33.372Z  INFO 12332 --- [JOB-DEV] [main] [                                                 ] org.hibernate.orm.connections.pooling    : HHH10001005: Database info:
	Database JDBC URL [Connecting through datasource 'HikariDataSource (HikariPool-1)']
	Database driver: undefined/unknown
	Database version: 15.14
	Autocommit mode: undefined/unknown
	Isolation level: undefined/unknown
	Minimum pool size: undefined/unknown
	Maximum pool size: undefined/unknown
2025-10-17T05:27:34.095Z  INFO 12332 --- [JOB-DEV] [main] [                                                 ] o.h.e.t.j.p.i.JtaPlatformInitiator       : HHH000489: No JTA platform available (set 'hibernate.transaction.jta.platform' to enable JTA platform integration)
2025-10-17T05:27:34.145Z  INFO 12332 --- [JOB-DEV] [main] [                                                 ] j.LocalContainerEntityManagerFactoryBean : Initialized JPA EntityManagerFactory for persistence unit 'default'
2025-10-17T05:27:34.413Z  WARN 12332 --- [JOB-DEV] [main] [                                                 ] JpaBaseConfiguration$JpaWebConfiguration : spring.jpa.open-in-view is enabled by default. Therefore, database queries may be performed during view rendering. Explicitly configure spring.jpa.open-in-view to disable this warning
2025-10-17T05:27:34.617Z  INFO 12332 --- [JOB-DEV] [main] [                                                 ] o.s.c.openfeign.FeignClientFactoryBean   : For 'COMPANY' URL not provided. Will try picking an instance via load-balancing.
2025-10-17T05:27:35.864Z  INFO 12332 --- [JOB-DEV] [main] [                                                 ] DiscoveryClientOptionalArgsConfiguration : Eureka HTTP Client uses RestTemplate.
2025-10-17T05:27:35.905Z  WARN 12332 --- [JOB-DEV] [main] [                                                 ] iguration$LoadBalancerCaffeineWarnLogger : Spring Cloud LoadBalancer is currently working with the default cache. While this cache implementation is useful for development and tests, it's recommended to use Caffeine cache in production.You can switch to using Caffeine cache, by adding it and org.springframework.cache.caffeine.CaffeineCacheManager to the classpath.
2025-10-17T05:27:35.925Z  INFO 12332 --- [JOB-DEV] [main] [                                                 ] o.s.b.a.e.web.EndpointLinksResolver      : Exposing 1 endpoint beneath base path '/actuator'
2025-10-17T05:27:35.997Z  INFO 12332 --- [JOB-DEV] [main] [                                                 ] o.s.c.n.eureka.InstanceInfoFactory       : Setting initial instance status as: STARTING
2025-10-17T05:27:36.024Z  INFO 12332 --- [JOB-DEV] [main] [                                                 ] com.netflix.discovery.DiscoveryClient    : Initializing Eureka in region us-east-1
2025-10-17T05:27:36.027Z  INFO 12332 --- [JOB-DEV] [main] [                                                 ] c.n.d.s.r.aws.ConfigClusterResolver      : Resolving eureka endpoints via configuration
2025-10-17T05:27:36.033Z  INFO 12332 --- [JOB-DEV] [main] [                                                 ] com.netflix.discovery.DiscoveryClient    : Disable delta property : false
2025-10-17T05:27:36.033Z  INFO 12332 --- [JOB-DEV] [main] [                                                 ] com.netflix.discovery.DiscoveryClient    : Single vip registry refresh property : null
2025-10-17T05:27:36.033Z  INFO 12332 --- [JOB-DEV] [main] [                                                 ] com.netflix.discovery.DiscoveryClient    : Force full registry fetch : false
2025-10-17T05:27:36.033Z  INFO 12332 --- [JOB-DEV] [main] [                                                 ] com.netflix.discovery.DiscoveryClient    : Application is null : false
2025-10-17T05:27:36.033Z  INFO 12332 --- [JOB-DEV] [main] [                                                 ] com.netflix.discovery.DiscoveryClient    : Registered Applications size is zero : true
2025-10-17T05:27:36.033Z  INFO 12332 --- [JOB-DEV] [main] [                                                 ] com.netflix.discovery.DiscoveryClient    : Application version is -1: true
2025-10-17T05:27:36.033Z  INFO 12332 --- [JOB-DEV] [main] [                                                 ] com.netflix.discovery.DiscoveryClient    : Getting all instance registry info from the eureka server
2025-10-17T05:27:36.241Z  INFO 12332 --- [JOB-DEV] [main] [                                                 ] com.netflix.discovery.DiscoveryClient    : The response status is 200
2025-10-17T05:27:36.242Z  INFO 12332 --- [JOB-DEV] [main] [                                                 ] com.netflix.discovery.DiscoveryClient    : Starting heartbeat executor: renew interval is: 30
2025-10-17T05:27:36.244Z  INFO 12332 --- [JOB-DEV] [main] [                                                 ] c.n.discovery.InstanceInfoReplicator     : InstanceInfoReplicator onDemand update allowed rate per min is 4
2025-10-17T05:27:36.245Z  INFO 12332 --- [JOB-DEV] [main] [                                                 ] com.netflix.discovery.DiscoveryClient    : Discovery Client initialized at timestamp 1760678856244 with initial instances count: 3
2025-10-17T05:27:36.253Z  INFO 12332 --- [JOB-DEV] [main] [                                                 ] o.s.c.n.e.s.EurekaServiceRegistry        : Registering application JOB-DEV with eureka with status UP
2025-10-17T05:27:36.254Z  INFO 12332 --- [JOB-DEV] [main] [                                                 ] com.netflix.discovery.DiscoveryClient    : Saw local status change event StatusChangeEvent [timestamp=1760678856254, current=UP, previous=STARTING]
2025-10-17T05:27:36.255Z  INFO 12332 --- [JOB-DEV] [DiscoveryClient-InstanceInfoReplicator-%d] [                                                 ] com.netflix.discovery.DiscoveryClient    : DiscoveryClient_JOB-DEV/JOB-DEV:localhost:8081: registering service...
2025-10-17T05:27:36.264Z  INFO 12332 --- [JOB-DEV] [main] [                                                 ] o.s.b.w.embedded.tomcat.TomcatWebServer  : Tomcat started on port 8081 (http) with context path '/api/v1'
2025-10-17T05:27:36.266Z  INFO 12332 --- [JOB-DEV] [main] [                                                 ] .s.c.n.e.s.EurekaAutoServiceRegistration : Updating port to 8081
2025-10-17T05:27:36.292Z  INFO 12332 --- [JOB-DEV] [DiscoveryClient-InstanceInfoReplicator-%d] [                                                 ] com.netflix.discovery.DiscoveryClient    : DiscoveryClient_JOB-DEV/JOB-DEV:localhost:8081 - registration status: 204
2025-10-17T05:27:36.372Z  INFO 12332 --- [JOB-DEV] [main] [                                                 ] com.micro.job.JobApplication             : Started JobApplication in 10.627 seconds (process running for 11.36)
2025-10-17T05:27:36.886Z  INFO 12332 --- [JOB-DEV] [RMI TCP Connection(2)-10.191.90.25] [                                                 ] o.a.c.c.C.[.[localhost].[/api/v1]        : Initializing Spring DispatcherServlet 'dispatcherServlet'
2025-10-17T05:27:36.886Z  INFO 12332 --- [JOB-DEV] [RMI TCP Connection(2)-10.191.90.25] [                                                 ] o.s.web.servlet.DispatcherServlet        : Initializing Servlet 'dispatcherServlet'
2025-10-17T05:27:36.890Z  INFO 12332 --- [JOB-DEV] [RMI TCP Connection(2)-10.191.90.25] [                                                 ] o.s.web.servlet.DispatcherServlet        : Completed initialization in 3 ms
2025-10-17T05:32:36.067Z  INFO 12332 --- [JOB-DEV] [AsyncResolver-bootstrap-executor-%d] [                                                 ] c.n.d.s.r.aws.ConfigClusterResolver      : Resolving eureka endpoints via configuration
2025-10-17T05:37:36.106Z  INFO 12332 --- [JOB-DEV] [AsyncResolver-bootstrap-executor-%d] [                                                 ] c.n.d.s.r.aws.ConfigClusterResolver      : Resolving eureka endpoints via configuration
2025-10-17T05:38:44.625Z DEBUG 12332 --- [JOB-DEV] [http-nio-8081-exec-3] [68f1d663e3790b74890c0a6707ebd815-890c0a6707ebd815] org.hibernate.SQL                        : 
    select
        j1_0.id,
        j1_0.company_id,
        j1_0.description,
        j1_0.location,
        j1_0.min_salary,
        j1_0.title 
    from
        job j1_0 
    where
        j1_0.id=?
2025-10-17T05:38:45.181Z  WARN 12332 --- [JOB-DEV] [http-nio-8081-exec-3] [68f1d663e3790b74890c0a6707ebd815-890c0a6707ebd815] o.s.c.l.core.RoundRobinLoadBalancer      : No servers available for service: COMPANY
2025-10-17T05:38:45.208Z ERROR 12332 --- [JOB-DEV] [http-nio-8081-exec-3] [68f1d663e3790b74890c0a6707ebd815-890c0a6707ebd815] com.micro.job.service.JobService         : Circuit breaker fallback triggered for job id: 5. Error: No instances available for COMPANY
2025-10-17T05:39:21.743Z  INFO 12332 --- [JOB-DEV] [SpringApplicationShutdownHook] [                                                 ] o.s.c.n.e.s.EurekaServiceRegistry        : Unregistering application JOB-DEV with eureka with status DOWN
2025-10-17T05:39:21.746Z  INFO 12332 --- [JOB-DEV] [SpringApplicationShutdownHook] [                                                 ] com.netflix.discovery.DiscoveryClient    : Saw local status change event StatusChangeEvent [timestamp=1760679561746, current=DOWN, previous=UP]
2025-10-17T05:39:21.747Z  INFO 12332 --- [JOB-DEV] [DiscoveryClient-InstanceInfoReplicator-%d] [                                                 ] com.netflix.discovery.DiscoveryClient    : DiscoveryClient_JOB-DEV/JOB-DEV:localhost:8081: registering service...
2025-10-17T05:39:21.808Z  INFO 12332 --- [JOB-DEV] [DiscoveryClient-InstanceInfoReplicator-%d] [                                                 ] com.netflix.discovery.DiscoveryClient    : DiscoveryClient_JOB-DEV/JOB-DEV:localhost:8081 - registration status: 204
2025-10-17T05:39:21.818Z  INFO 12332 --- [JOB-DEV] [SpringApplicationShutdownHook] [                                                 ] o.s.b.w.e.tomcat.GracefulShutdown        : Commencing graceful shutdown. Waiting for active requests to complete
2025-10-17T05:39:21.926Z  INFO 12332 --- [JOB-DEV] [tomcat-shutdown] [                                                 ] o.s.b.w.e.tomcat.GracefulShutdown        : Graceful shutdown complete
2025-10-17T05:39:22.074Z  INFO 12332 --- [JOB-DEV] [SpringApplicationShutdownHook] [                                                 ] j.LocalContainerEntityManagerFactoryBean : Closing JPA EntityManagerFactory for persistence unit 'default'
2025-10-17T05:39:22.114Z  INFO 12332 --- [JOB-DEV] [SpringApplicationShutdownHook] [                                                 ] com.zaxxer.hikari.HikariDataSource       : HikariPool-1 - Shutdown initiated...
2025-10-17T05:39:22.129Z  INFO 12332 --- [JOB-DEV] [SpringApplicationShutdownHook] [                                                 ] com.zaxxer.hikari.HikariDataSource       : HikariPool-1 - Shutdown completed.
2025-10-17T05:39:23.134Z  INFO 12332 --- [JOB-DEV] [SpringApplicationShutdownHook] [                                                 ] com.netflix.discovery.DiscoveryClient    : Shutting down DiscoveryClient ...
2025-10-17T05:39:26.138Z  INFO 12332 --- [JOB-DEV] [SpringApplicationShutdownHook] [                                                 ] com.netflix.discovery.DiscoveryClient    : Unregistering ...
2025-10-17T05:39:26.178Z  INFO 12332 --- [JOB-DEV] [SpringApplicationShutdownHook] [                                                 ] com.netflix.discovery.DiscoveryClient    : DiscoveryClient_JOB-DEV/JOB-DEV:localhost:8081 - deregister  status: 200
2025-10-17T05:39:26.184Z  INFO 12332 --- [JOB-DEV] [SpringApplicationShutdownHook] [                                                 ] com.netflix.discovery.DiscoveryClient    : Completed shut down of DiscoveryClient
2025-10-17T05:39:41.777Z  INFO 15816 --- [JOB-DEV] [main] [                                                 ] com.micro.job.JobApplication             : Starting JobApplication using Java 17.0.14 with PID 15816 (C:\Users\eeshu\Downloads\application\job\build\classes\java\main started by eeshu in C:\Users\eeshu\Downloads\application)
2025-10-17T05:39:41.780Z  INFO 15816 --- [JOB-DEV] [main] [                                                 ] com.micro.job.JobApplication             : The following 1 profile is active: "DEV"
2025-10-17T05:39:41.829Z  INFO 15816 --- [JOB-DEV] [main] [                                                 ] o.s.c.c.c.ConfigServerConfigDataLoader   : Fetching config from server at : http://localhost:8080
2025-10-17T05:39:41.829Z  INFO 15816 --- [JOB-DEV] [main] [                                                 ] o.s.c.c.c.ConfigServerConfigDataLoader   : Located environment: name=application, profiles=[default], label=null, version=2d22e96bb5664f4e78a2c074615fe7bd0c755aac, state=
2025-10-17T05:39:41.829Z  INFO 15816 --- [JOB-DEV] [main] [                                                 ] o.s.c.c.c.ConfigServerConfigDataLoader   : Fetching config from server at : http://localhost:8080
2025-10-17T05:39:41.829Z  INFO 15816 --- [JOB-DEV] [main] [                                                 ] o.s.c.c.c.ConfigServerConfigDataLoader   : Located environment: name=JOB-DEFAULT, profiles=[DEV], label=null, version=2d22e96bb5664f4e78a2c074615fe7bd0c755aac, state=
2025-10-17T05:39:41.829Z  INFO 15816 --- [JOB-DEV] [main] [                                                 ] o.s.c.c.c.ConfigServerConfigDataLoader   : Fetching config from server at : http://localhost:8080
2025-10-17T05:39:41.829Z  INFO 15816 --- [JOB-DEV] [main] [                                                 ] o.s.c.c.c.ConfigServerConfigDataLoader   : Located environment: name=JOB-DEFAULT, profiles=[default], label=null, version=2d22e96bb5664f4e78a2c074615fe7bd0c755aac, state=
2025-10-17T05:39:43.121Z  INFO 15816 --- [JOB-DEV] [main] [                                                 ] .s.d.r.c.RepositoryConfigurationDelegate : Bootstrapping Spring Data JPA repositories in DEFAULT mode.
2025-10-17T05:39:43.270Z  INFO 15816 --- [JOB-DEV] [main] [                                                 ] .s.d.r.c.RepositoryConfigurationDelegate : Finished Spring Data repository scanning in 135 ms. Found 1 JPA repository interface.
2025-10-17T05:39:43.538Z  INFO 15816 --- [JOB-DEV] [main] [                                                 ] o.s.cloud.context.scope.GenericScope     : BeanFactory id=c958a48f-4e5a-3725-b6f0-23da6df55161
2025-10-17T05:39:44.104Z  INFO 15816 --- [JOB-DEV] [main] [                                                 ] o.s.b.w.embedded.tomcat.TomcatWebServer  : Tomcat initialized with port 8081 (http)
2025-10-17T05:39:44.116Z  INFO 15816 --- [JOB-DEV] [main] [                                                 ] o.apache.catalina.core.StandardService   : Starting service [Tomcat]
2025-10-17T05:39:44.116Z  INFO 15816 --- [JOB-DEV] [main] [                                                 ] o.apache.catalina.core.StandardEngine    : Starting Servlet engine: [Apache Tomcat/10.1.46]
2025-10-17T05:39:44.167Z  INFO 15816 --- [JOB-DEV] [main] [                                                 ] o.a.c.c.C.[.[localhost].[/api/v1]        : Initializing Spring embedded WebApplicationContext
2025-10-17T05:39:44.167Z  INFO 15816 --- [JOB-DEV] [main] [                                                 ] w.s.c.ServletWebServerApplicationContext : Root WebApplicationContext: initialization completed in 2336 ms
2025-10-17T05:39:44.792Z  INFO 15816 --- [JOB-DEV] [main] [                                                 ] o.hibernate.jpa.internal.util.LogHelper  : HHH000204: Processing PersistenceUnitInfo [name: default]
2025-10-17T05:39:44.845Z  INFO 15816 --- [JOB-DEV] [main] [                                                 ] org.hibernate.Version                    : HHH000412: Hibernate ORM core version 6.6.29.Final
2025-10-17T05:39:44.883Z  INFO 15816 --- [JOB-DEV] [main] [                                                 ] o.h.c.internal.RegionFactoryInitiator    : HHH000026: Second-level cache disabled
2025-10-17T05:39:45.158Z  INFO 15816 --- [JOB-DEV] [main] [                                                 ] o.s.o.j.p.SpringPersistenceUnitInfo      : No LoadTimeWeaver setup: ignoring JPA class transformer
2025-10-17T05:39:45.187Z  INFO 15816 --- [JOB-DEV] [main] [                                                 ] com.zaxxer.hikari.HikariDataSource       : HikariPool-1 - Starting...
2025-10-17T05:39:45.356Z  INFO 15816 --- [JOB-DEV] [main] [                                                 ] com.zaxxer.hikari.pool.HikariPool        : HikariPool-1 - Added connection org.postgresql.jdbc.PgConnection@602e7a9e
2025-10-17T05:39:45.357Z  INFO 15816 --- [JOB-DEV] [main] [                                                 ] com.zaxxer.hikari.HikariDataSource       : HikariPool-1 - Start completed.
2025-10-17T05:39:45.471Z  INFO 15816 --- [JOB-DEV] [main] [                                                 ] org.hibernate.orm.connections.pooling    : HHH10001005: Database info:
	Database JDBC URL [Connecting through datasource 'HikariDataSource (HikariPool-1)']
	Database driver: undefined/unknown
	Database version: 15.14
	Autocommit mode: undefined/unknown
	Isolation level: undefined/unknown
	Minimum pool size: undefined/unknown
	Maximum pool size: undefined/unknown
2025-10-17T05:39:46.247Z  INFO 15816 --- [JOB-DEV] [main] [                                                 ] o.h.e.t.j.p.i.JtaPlatformInitiator       : HHH000489: No JTA platform available (set 'hibernate.transaction.jta.platform' to enable JTA platform integration)
2025-10-17T05:39:46.335Z  INFO 15816 --- [JOB-DEV] [main] [                                                 ] j.LocalContainerEntityManagerFactoryBean : Initialized JPA EntityManagerFactory for persistence unit 'default'
2025-10-17T05:39:46.657Z  WARN 15816 --- [JOB-DEV] [main] [                                                 ] JpaBaseConfiguration$JpaWebConfiguration : spring.jpa.open-in-view is enabled by default. Therefore, database queries may be performed during view rendering. Explicitly configure spring.jpa.open-in-view to disable this warning
2025-10-17T05:39:46.884Z  INFO 15816 --- [JOB-DEV] [main] [                                                 ] o.s.c.openfeign.FeignClientFactoryBean   : For 'COMPANY' URL not provided. Will try picking an instance via load-balancing.
2025-10-17T05:39:48.225Z  INFO 15816 --- [JOB-DEV] [main] [                                                 ] DiscoveryClientOptionalArgsConfiguration : Eureka HTTP Client uses RestTemplate.
2025-10-17T05:39:48.277Z  WARN 15816 --- [JOB-DEV] [main] [                                                 ] iguration$LoadBalancerCaffeineWarnLogger : Spring Cloud LoadBalancer is currently working with the default cache. While this cache implementation is useful for development and tests, it's recommended to use Caffeine cache in production.You can switch to using Caffeine cache, by adding it and org.springframework.cache.caffeine.CaffeineCacheManager to the classpath.
2025-10-17T05:39:48.295Z  INFO 15816 --- [JOB-DEV] [main] [                                                 ] o.s.b.a.e.web.EndpointLinksResolver      : Exposing 1 endpoint beneath base path '/actuator'
2025-10-17T05:39:48.406Z  INFO 15816 --- [JOB-DEV] [main] [                                                 ] o.s.c.n.eureka.InstanceInfoFactory       : Setting initial instance status as: STARTING
2025-10-17T05:39:48.470Z  INFO 15816 --- [JOB-DEV] [main] [                                                 ] com.netflix.discovery.DiscoveryClient    : Initializing Eureka in region us-east-1
2025-10-17T05:39:48.479Z  INFO 15816 --- [JOB-DEV] [main] [                                                 ] c.n.d.s.r.aws.ConfigClusterResolver      : Resolving eureka endpoints via configuration
2025-10-17T05:39:48.512Z  INFO 15816 --- [JOB-DEV] [main] [                                                 ] com.netflix.discovery.DiscoveryClient    : Disable delta property : false
2025-10-17T05:39:48.513Z  INFO 15816 --- [JOB-DEV] [main] [                                                 ] com.netflix.discovery.DiscoveryClient    : Single vip registry refresh property : null
2025-10-17T05:39:48.513Z  INFO 15816 --- [JOB-DEV] [main] [                                                 ] com.netflix.discovery.DiscoveryClient    : Force full registry fetch : false
2025-10-17T05:39:48.513Z  INFO 15816 --- [JOB-DEV] [main] [                                                 ] com.netflix.discovery.DiscoveryClient    : Application is null : false
2025-10-17T05:39:48.513Z  INFO 15816 --- [JOB-DEV] [main] [                                                 ] com.netflix.discovery.DiscoveryClient    : Registered Applications size is zero : true
2025-10-17T05:39:48.513Z  INFO 15816 --- [JOB-DEV] [main] [                                                 ] com.netflix.discovery.DiscoveryClient    : Application version is -1: true
2025-10-17T05:39:48.514Z  INFO 15816 --- [JOB-DEV] [main] [                                                 ] com.netflix.discovery.DiscoveryClient    : Getting all instance registry info from the eureka server
2025-10-17T05:39:49.011Z  INFO 15816 --- [JOB-DEV] [main] [                                                 ] com.netflix.discovery.DiscoveryClient    : The response status is 200
2025-10-17T05:39:49.015Z  INFO 15816 --- [JOB-DEV] [main] [                                                 ] com.netflix.discovery.DiscoveryClient    : Starting heartbeat executor: renew interval is: 30
2025-10-17T05:39:49.019Z  INFO 15816 --- [JOB-DEV] [main] [                                                 ] c.n.discovery.InstanceInfoReplicator     : InstanceInfoReplicator onDemand update allowed rate per min is 4
2025-10-17T05:39:49.022Z  INFO 15816 --- [JOB-DEV] [main] [                                                 ] com.netflix.discovery.DiscoveryClient    : Discovery Client initialized at timestamp 1760679589021 with initial instances count: 3
2025-10-17T05:39:49.042Z  INFO 15816 --- [JOB-DEV] [main] [                                                 ] o.s.c.n.e.s.EurekaServiceRegistry        : Registering application JOB-DEV with eureka with status UP
2025-10-17T05:39:49.044Z  INFO 15816 --- [JOB-DEV] [main] [                                                 ] com.netflix.discovery.DiscoveryClient    : Saw local status change event StatusChangeEvent [timestamp=1760679589043, current=UP, previous=STARTING]
2025-10-17T05:39:49.047Z  INFO 15816 --- [JOB-DEV] [DiscoveryClient-InstanceInfoReplicator-%d] [                                                 ] com.netflix.discovery.DiscoveryClient    : DiscoveryClient_JOB-DEV/JOB-DEV:localhost:8081: registering service...
2025-10-17T05:39:49.067Z  INFO 15816 --- [JOB-DEV] [main] [                                                 ] o.s.b.w.embedded.tomcat.TomcatWebServer  : Tomcat started on port 8081 (http) with context path '/api/v1'
2025-10-17T05:39:49.069Z  INFO 15816 --- [JOB-DEV] [main] [                                                 ] .s.c.n.e.s.EurekaAutoServiceRegistration : Updating port to 8081
2025-10-17T05:39:49.112Z  INFO 15816 --- [JOB-DEV] [DiscoveryClient-InstanceInfoReplicator-%d] [                                                 ] com.netflix.discovery.DiscoveryClient    : DiscoveryClient_JOB-DEV/JOB-DEV:localhost:8081 - registration status: 204
2025-10-17T05:39:49.317Z  INFO 15816 --- [JOB-DEV] [main] [                                                 ] com.micro.job.JobApplication             : Started JobApplication in 14.348 seconds (process running for 16.183)
2025-10-17T05:39:49.941Z  INFO 15816 --- [JOB-DEV] [RMI TCP Connection(5)-10.191.90.25] [                                                 ] o.a.c.c.C.[.[localhost].[/api/v1]        : Initializing Spring DispatcherServlet 'dispatcherServlet'
2025-10-17T05:39:49.942Z  INFO 15816 --- [JOB-DEV] [RMI TCP Connection(5)-10.191.90.25] [                                                 ] o.s.web.servlet.DispatcherServlet        : Initializing Servlet 'dispatcherServlet'
2025-10-17T05:39:49.948Z  INFO 15816 --- [JOB-DEV] [RMI TCP Connection(5)-10.191.90.25] [                                                 ] o.s.web.servlet.DispatcherServlet        : Completed initialization in 4 ms
2025-10-17T05:39:51.309Z DEBUG 15816 --- [JOB-DEV] [http-nio-8081-exec-3] [68f1d6a714f7f1e251a48168741c71ce-51a48168741c71ce] org.hibernate.SQL                        : 
    select
        j1_0.id,
        j1_0.company_id,
        j1_0.description,
        j1_0.location,
        j1_0.min_salary,
        j1_0.title 
    from
        job j1_0 
    where
        j1_0.id=?
2025-10-17T05:39:51.493Z  WARN 15816 --- [JOB-DEV] [http-nio-8081-exec-3] [68f1d6a714f7f1e251a48168741c71ce-51a48168741c71ce] o.s.c.l.core.RoundRobinLoadBalancer      : No servers available for service: COMPANY
2025-10-17T05:40:25.065Z DEBUG 15816 --- [JOB-DEV] [http-nio-8081-exec-7] [68f1d6c8d89ffc5db62050af9c29ddb8-b62050af9c29ddb8] org.hibernate.SQL                        : 
    select
        j1_0.id,
        j1_0.company_id,
        j1_0.description,
        j1_0.location,
        j1_0.min_salary,
        j1_0.title 
    from
        job j1_0 
    where
        j1_0.id=?
2025-10-17T05:40:25.110Z  WARN 15816 --- [JOB-DEV] [http-nio-8081-exec-7] [68f1d6c8d89ffc5db62050af9c29ddb8-b62050af9c29ddb8] o.s.c.l.core.RoundRobinLoadBalancer      : No servers available for service: COMPANY
2025-10-17T05:40:27.160Z DEBUG 15816 --- [JOB-DEV] [http-nio-8081-exec-5] [68f1d6cb9ec0bd92f4fb8298ad0614a3-f4fb8298ad0614a3] org.hibernate.SQL                        : 
    select
        j1_0.id,
        j1_0.company_id,
        j1_0.description,
        j1_0.location,
        j1_0.min_salary,
        j1_0.title 
    from
        job j1_0 
    where
        j1_0.id=?
2025-10-17T05:40:27.165Z  WARN 15816 --- [JOB-DEV] [http-nio-8081-exec-5] [68f1d6cb9ec0bd92f4fb8298ad0614a3-f4fb8298ad0614a3] o.s.c.l.core.RoundRobinLoadBalancer      : No servers available for service: COMPANY
2025-10-17T05:40:28.166Z DEBUG 15816 --- [JOB-DEV] [http-nio-8081-exec-1] [68f1d6cc1d09833025476a93de453410-25476a93de453410] org.hibernate.SQL                        : 
    select
        j1_0.id,
        j1_0.company_id,
        j1_0.description,
        j1_0.location,
        j1_0.min_salary,
        j1_0.title 
    from
        job j1_0 
    where
        j1_0.id=?
2025-10-17T05:40:28.171Z  WARN 15816 --- [JOB-DEV] [http-nio-8081-exec-1] [68f1d6cc1d09833025476a93de453410-25476a93de453410] o.s.c.l.core.RoundRobinLoadBalancer      : No servers available for service: COMPANY
2025-10-17T05:40:29.075Z DEBUG 15816 --- [JOB-DEV] [http-nio-8081-exec-4] [68f1d6cd24f1b604dc9096abfb6099b4-dc9096abfb6099b4] org.hibernate.SQL                        : 
    select
        j1_0.id,
        j1_0.company_id,
        j1_0.description,
        j1_0.location,
        j1_0.min_salary,
        j1_0.title 
    from
        job j1_0 
    where
        j1_0.id=?
2025-10-17T05:40:29.083Z  WARN 15816 --- [JOB-DEV] [http-nio-8081-exec-4] [68f1d6cd24f1b604dc9096abfb6099b4-dc9096abfb6099b4] o.s.c.l.core.RoundRobinLoadBalancer      : No servers available for service: COMPANY
2025-10-17T05:40:51.538Z DEBUG 15816 --- [JOB-DEV] [http-nio-8081-exec-4] [68f1d6e311623b1a9d6b11acca865faf-9d6b11acca865faf] org.hibernate.SQL                        : 
    select
        j1_0.id,
        j1_0.company_id,
        j1_0.description,
        j1_0.location,
        j1_0.min_salary,
        j1_0.title 
    from
        job j1_0 
    where
        j1_0.id=?
2025-10-17T05:40:51.541Z  WARN 15816 --- [JOB-DEV] [http-nio-8081-exec-4] [68f1d6e311623b1a9d6b11acca865faf-9d6b11acca865faf] o.s.c.l.core.RoundRobinLoadBalancer      : No servers available for service: COMPANY
2025-10-17T05:41:13.790Z DEBUG 15816 --- [JOB-DEV] [http-nio-8081-exec-6] [68f1d6f9e07183094407cebe83e2596b-4407cebe83e2596b] org.hibernate.SQL                        : 
    select
        j1_0.id,
        j1_0.company_id,
        j1_0.description,
        j1_0.location,
        j1_0.min_salary,
        j1_0.title 
    from
        job j1_0 
    where
        j1_0.id=?
2025-10-17T05:41:13.810Z  WARN 15816 --- [JOB-DEV] [http-nio-8081-exec-6] [68f1d6f9e07183094407cebe83e2596b-4407cebe83e2596b] o.s.c.l.core.RoundRobinLoadBalancer      : No servers available for service: COMPANY
2025-10-17T05:41:35.290Z DEBUG 15816 --- [JOB-DEV] [http-nio-8081-exec-5] [68f1d70f004847a9507cffbc355c9182-507cffbc355c9182] org.hibernate.SQL                        : 
    select
        j1_0.id,
        j1_0.company_id,
        j1_0.description,
        j1_0.location,
        j1_0.min_salary,
        j1_0.title 
    from
        job j1_0 
    where
        j1_0.id=?
2025-10-17T05:41:35.308Z  WARN 15816 --- [JOB-DEV] [http-nio-8081-exec-5] [68f1d70f004847a9507cffbc355c9182-507cffbc355c9182] o.s.c.l.core.RoundRobinLoadBalancer      : No servers available for service: COMPANY
2025-10-17T05:41:46.356Z DEBUG 15816 --- [JOB-DEV] [http-nio-8081-exec-2] [68f1d71a6d132252bb7cc8197379beab-bb7cc8197379beab] org.hibernate.SQL                        : 
    select
        j1_0.id,
        j1_0.company_id,
        j1_0.description,
        j1_0.location,
        j1_0.min_salary,
        j1_0.title 
    from
        job j1_0 
    where
        j1_0.id=?
2025-10-17T05:41:46.366Z  WARN 15816 --- [JOB-DEV] [http-nio-8081-exec-2] [68f1d71a6d132252bb7cc8197379beab-bb7cc8197379beab] o.s.c.l.core.RoundRobinLoadBalancer      : No servers available for service: COMPANY
2025-10-17T05:41:47.871Z DEBUG 15816 --- [JOB-DEV] [http-nio-8081-exec-9] [68f1d71bfbcae015a7cc0b477a99a3e4-a7cc0b477a99a3e4] org.hibernate.SQL                        : 
    select
        j1_0.id,
        j1_0.company_id,
        j1_0.description,
        j1_0.location,
        j1_0.min_salary,
        j1_0.title 
    from
        job j1_0 
    where
        j1_0.id=?
2025-10-17T05:41:47.885Z  WARN 15816 --- [JOB-DEV] [http-nio-8081-exec-9] [68f1d71bfbcae015a7cc0b477a99a3e4-a7cc0b477a99a3e4] o.s.c.l.core.RoundRobinLoadBalancer      : No servers available for service: COMPANY
2025-10-17T05:41:50.197Z DEBUG 15816 --- [JOB-DEV] [http-nio-8081-exec-7] [68f1d71e3d01c0b01e0e90907c02efdd-1e0e90907c02efdd] org.hibernate.SQL                        : 
    select
        j1_0.id,
        j1_0.company_id,
        j1_0.description,
        j1_0.location,
        j1_0.min_salary,
        j1_0.title 
    from
        job j1_0 
    where
        j1_0.id=?
2025-10-17T05:41:52.240Z  INFO 15816 --- [JOB-DEV] [http-nio-8081-exec-7] [68f1d71e3d01c0b01e0e90907c02efdd-1e0e90907c02efdd] com.micro.job.service.JobService         : Company response: com.micro.job.response.Apiresponse@5a0cc45e
2025-10-17T05:41:52.242Z  INFO 15816 --- [JOB-DEV] [http-nio-8081-exec-7] [68f1d71e3d01c0b01e0e90907c02efdd-1e0e90907c02efdd] com.micro.job.service.JobService         : Company data: CompanyDto(id=3, name=Compnay 3, description=This is company three)
2025-10-17T05:42:03.521Z DEBUG 15816 --- [JOB-DEV] [http-nio-8081-exec-10] [68f1d72b83ee8379ab60dacc848d39a8-ab60dacc848d39a8] org.hibernate.SQL                        : 
    select
        j1_0.id,
        j1_0.company_id,
        j1_0.description,
        j1_0.location,
        j1_0.min_salary,
        j1_0.title 
    from
        job j1_0 
    where
        j1_0.id=?
2025-10-17T05:42:03.551Z  INFO 15816 --- [JOB-DEV] [http-nio-8081-exec-10] [68f1d72b83ee8379ab60dacc848d39a8-ab60dacc848d39a8] com.micro.job.service.JobService         : Company response: com.micro.job.response.Apiresponse@2ef54a0d
2025-10-17T05:42:03.551Z  INFO 15816 --- [JOB-DEV] [http-nio-8081-exec-10] [68f1d72b83ee8379ab60dacc848d39a8-ab60dacc848d39a8] com.micro.job.service.JobService         : Company data: CompanyDto(id=3, name=Compnay 3, description=This is company three)
2025-10-17T05:42:23.470Z  INFO 15816 --- [JOB-DEV] [SpringApplicationShutdownHook] [                                                 ] o.s.c.n.e.s.EurekaServiceRegistry        : Unregistering application JOB-DEV with eureka with status DOWN
2025-10-17T05:42:23.471Z  INFO 15816 --- [JOB-DEV] [SpringApplicationShutdownHook] [                                                 ] com.netflix.discovery.DiscoveryClient    : Saw local status change event StatusChangeEvent [timestamp=1760679743471, current=DOWN, previous=UP]
2025-10-17T05:42:23.472Z  INFO 15816 --- [JOB-DEV] [DiscoveryClient-InstanceInfoReplicator-%d] [                                                 ] com.netflix.discovery.DiscoveryClient    : DiscoveryClient_JOB-DEV/JOB-DEV:localhost:8081: registering service...
2025-10-17T05:42:23.510Z  INFO 15816 --- [JOB-DEV] [DiscoveryClient-InstanceInfoReplicator-%d] [                                                 ] com.netflix.discovery.DiscoveryClient    : DiscoveryClient_JOB-DEV/JOB-DEV:localhost:8081 - registration status: 204
2025-10-17T05:42:23.516Z  INFO 15816 --- [JOB-DEV] [SpringApplicationShutdownHook] [                                                 ] o.s.b.w.e.tomcat.GracefulShutdown        : Commencing graceful shutdown. Waiting for active requests to complete
2025-10-17T05:42:23.612Z  INFO 15816 --- [JOB-DEV] [tomcat-shutdown] [                                                 ] o.s.b.w.e.tomcat.GracefulShutdown        : Graceful shutdown complete
2025-10-17T05:42:23.727Z  INFO 15816 --- [JOB-DEV] [SpringApplicationShutdownHook] [                                                 ] j.LocalContainerEntityManagerFactoryBean : Closing JPA EntityManagerFactory for persistence unit 'default'
2025-10-17T05:42:23.753Z  INFO 15816 --- [JOB-DEV] [SpringApplicationShutdownHook] [                                                 ] com.zaxxer.hikari.HikariDataSource       : HikariPool-1 - Shutdown initiated...
2025-10-17T05:42:23.766Z  INFO 15816 --- [JOB-DEV] [SpringApplicationShutdownHook] [                                                 ] com.zaxxer.hikari.HikariDataSource       : HikariPool-1 - Shutdown completed.
2025-10-17T05:42:24.663Z  INFO 15816 --- [JOB-DEV] [SpringApplicationShutdownHook] [                                                 ] com.netflix.discovery.DiscoveryClient    : Shutting down DiscoveryClient ...
2025-10-17T05:42:27.665Z  INFO 15816 --- [JOB-DEV] [SpringApplicationShutdownHook] [                                                 ] com.netflix.discovery.DiscoveryClient    : Unregistering ...
2025-10-17T05:42:27.686Z  INFO 15816 --- [JOB-DEV] [SpringApplicationShutdownHook] [                                                 ] com.netflix.discovery.DiscoveryClient    : DiscoveryClient_JOB-DEV/JOB-DEV:localhost:8081 - deregister  status: 200
2025-10-17T05:42:27.686Z  INFO 15816 --- [JOB-DEV] [SpringApplicationShutdownHook] [                                                 ] com.netflix.discovery.DiscoveryClient    : Completed shut down of DiscoveryClient
2025-10-17T05:42:41.024Z  INFO 25848 --- [JOB-DEV] [main] [                                                 ] com.micro.job.JobApplication             : Starting JobApplication using Java 17.0.14 with PID 25848 (C:\Users\eeshu\Downloads\application\job\build\classes\java\main started by eeshu in C:\Users\eeshu\Downloads\application)
2025-10-17T05:42:41.030Z  INFO 25848 --- [JOB-DEV] [main] [                                                 ] com.micro.job.JobApplication             : The following 1 profile is active: "DEV"
2025-10-17T05:42:41.100Z  INFO 25848 --- [JOB-DEV] [main] [                                                 ] o.s.c.c.c.ConfigServerConfigDataLoader   : Fetching config from server at : http://localhost:8080
2025-10-17T05:42:41.102Z  INFO 25848 --- [JOB-DEV] [main] [                                                 ] o.s.c.c.c.ConfigServerConfigDataLoader   : Located environment: name=application, profiles=[default], label=null, version=2d22e96bb5664f4e78a2c074615fe7bd0c755aac, state=
2025-10-17T05:42:41.103Z  INFO 25848 --- [JOB-DEV] [main] [                                                 ] o.s.c.c.c.ConfigServerConfigDataLoader   : Fetching config from server at : http://localhost:8080
2025-10-17T05:42:41.103Z  INFO 25848 --- [JOB-DEV] [main] [                                                 ] o.s.c.c.c.ConfigServerConfigDataLoader   : Located environment: name=JOB-DEFAULT, profiles=[DEV], label=null, version=2d22e96bb5664f4e78a2c074615fe7bd0c755aac, state=
2025-10-17T05:42:41.103Z  INFO 25848 --- [JOB-DEV] [main] [                                                 ] o.s.c.c.c.ConfigServerConfigDataLoader   : Fetching config from server at : http://localhost:8080
2025-10-17T05:42:41.103Z  INFO 25848 --- [JOB-DEV] [main] [                                                 ] o.s.c.c.c.ConfigServerConfigDataLoader   : Located environment: name=JOB-DEFAULT, profiles=[default], label=null, version=2d22e96bb5664f4e78a2c074615fe7bd0c755aac, state=
2025-10-17T05:42:43.400Z  INFO 25848 --- [JOB-DEV] [main] [                                                 ] .s.d.r.c.RepositoryConfigurationDelegate : Bootstrapping Spring Data JPA repositories in DEFAULT mode.
2025-10-17T05:42:43.830Z  INFO 25848 --- [JOB-DEV] [main] [                                                 ] .s.d.r.c.RepositoryConfigurationDelegate : Finished Spring Data repository scanning in 398 ms. Found 1 JPA repository interface.
2025-10-17T05:42:44.355Z  INFO 25848 --- [JOB-DEV] [main] [                                                 ] o.s.cloud.context.scope.GenericScope     : BeanFactory id=c958a48f-4e5a-3725-b6f0-23da6df55161
2025-10-17T05:42:45.210Z  INFO 25848 --- [JOB-DEV] [main] [                                                 ] o.s.b.w.embedded.tomcat.TomcatWebServer  : Tomcat initialized with port 8081 (http)
2025-10-17T05:42:45.231Z  INFO 25848 --- [JOB-DEV] [main] [                                                 ] o.apache.catalina.core.StandardService   : Starting service [Tomcat]
2025-10-17T05:42:45.232Z  INFO 25848 --- [JOB-DEV] [main] [                                                 ] o.apache.catalina.core.StandardEngine    : Starting Servlet engine: [Apache Tomcat/10.1.46]
2025-10-17T05:42:45.337Z  INFO 25848 --- [JOB-DEV] [main] [                                                 ] o.a.c.c.C.[.[localhost].[/api/v1]        : Initializing Spring embedded WebApplicationContext
2025-10-17T05:42:45.337Z  INFO 25848 --- [JOB-DEV] [main] [                                                 ] w.s.c.ServletWebServerApplicationContext : Root WebApplicationContext: initialization completed in 4230 ms
2025-10-17T05:42:46.501Z  INFO 25848 --- [JOB-DEV] [main] [                                                 ] o.hibernate.jpa.internal.util.LogHelper  : HHH000204: Processing PersistenceUnitInfo [name: default]
2025-10-17T05:42:46.568Z  INFO 25848 --- [JOB-DEV] [main] [                                                 ] org.hibernate.Version                    : HHH000412: Hibernate ORM core version 6.6.29.Final
2025-10-17T05:42:46.610Z  INFO 25848 --- [JOB-DEV] [main] [                                                 ] o.h.c.internal.RegionFactoryInitiator    : HHH000026: Second-level cache disabled
2025-10-17T05:42:47.115Z  INFO 25848 --- [JOB-DEV] [main] [                                                 ] o.s.o.j.p.SpringPersistenceUnitInfo      : No LoadTimeWeaver setup: ignoring JPA class transformer
2025-10-17T05:42:47.161Z  INFO 25848 --- [JOB-DEV] [main] [                                                 ] com.zaxxer.hikari.HikariDataSource       : HikariPool-1 - Starting...
2025-10-17T05:42:47.407Z  INFO 25848 --- [JOB-DEV] [main] [                                                 ] com.zaxxer.hikari.pool.HikariPool        : HikariPool-1 - Added connection org.postgresql.jdbc.PgConnection@44bb6856
2025-10-17T05:42:47.409Z  INFO 25848 --- [JOB-DEV] [main] [                                                 ] com.zaxxer.hikari.HikariDataSource       : HikariPool-1 - Start completed.
2025-10-17T05:42:47.558Z  INFO 25848 --- [JOB-DEV] [main] [                                                 ] org.hibernate.orm.connections.pooling    : HHH10001005: Database info:
	Database JDBC URL [Connecting through datasource 'HikariDataSource (HikariPool-1)']
	Database driver: undefined/unknown
	Database version: 15.14
	Autocommit mode: undefined/unknown
	Isolation level: undefined/unknown
	Minimum pool size: undefined/unknown
	Maximum pool size: undefined/unknown
2025-10-17T05:42:49.070Z  INFO 25848 --- [JOB-DEV] [main] [                                                 ] o.h.e.t.j.p.i.JtaPlatformInitiator       : HHH000489: No JTA platform available (set 'hibernate.transaction.jta.platform' to enable JTA platform integration)
2025-10-17T05:42:49.333Z  INFO 25848 --- [JOB-DEV] [main] [                                                 ] j.LocalContainerEntityManagerFactoryBean : Initialized JPA EntityManagerFactory for persistence unit 'default'
2025-10-17T05:42:49.993Z  WARN 25848 --- [JOB-DEV] [main] [                                                 ] JpaBaseConfiguration$JpaWebConfiguration : spring.jpa.open-in-view is enabled by default. Therefore, database queries may be performed during view rendering. Explicitly configure spring.jpa.open-in-view to disable this warning
2025-10-17T05:42:50.659Z  INFO 25848 --- [JOB-DEV] [main] [                                                 ] o.s.c.openfeign.FeignClientFactoryBean   : For 'COMPANY' URL not provided. Will try picking an instance via load-balancing.
2025-10-17T05:42:53.448Z  INFO 25848 --- [JOB-DEV] [main] [                                                 ] DiscoveryClientOptionalArgsConfiguration : Eureka HTTP Client uses RestTemplate.
2025-10-17T05:42:53.575Z  WARN 25848 --- [JOB-DEV] [main] [                                                 ] iguration$LoadBalancerCaffeineWarnLogger : Spring Cloud LoadBalancer is currently working with the default cache. While this cache implementation is useful for development and tests, it's recommended to use Caffeine cache in production.You can switch to using Caffeine cache, by adding it and org.springframework.cache.caffeine.CaffeineCacheManager to the classpath.
2025-10-17T05:42:53.608Z  INFO 25848 --- [JOB-DEV] [main] [                                                 ] o.s.b.a.e.web.EndpointLinksResolver      : Exposing 1 endpoint beneath base path '/actuator'
2025-10-17T05:42:53.728Z  INFO 25848 --- [JOB-DEV] [main] [                                                 ] o.s.c.n.eureka.InstanceInfoFactory       : Setting initial instance status as: STARTING
2025-10-17T05:42:53.766Z  INFO 25848 --- [JOB-DEV] [main] [                                                 ] com.netflix.discovery.DiscoveryClient    : Initializing Eureka in region us-east-1
2025-10-17T05:42:53.770Z  INFO 25848 --- [JOB-DEV] [main] [                                                 ] c.n.d.s.r.aws.ConfigClusterResolver      : Resolving eureka endpoints via configuration
2025-10-17T05:42:53.780Z  INFO 25848 --- [JOB-DEV] [main] [                                                 ] com.netflix.discovery.DiscoveryClient    : Disable delta property : false
2025-10-17T05:42:53.780Z  INFO 25848 --- [JOB-DEV] [main] [                                                 ] com.netflix.discovery.DiscoveryClient    : Single vip registry refresh property : null
2025-10-17T05:42:53.780Z  INFO 25848 --- [JOB-DEV] [main] [                                                 ] com.netflix.discovery.DiscoveryClient    : Force full registry fetch : false
2025-10-17T05:42:53.780Z  INFO 25848 --- [JOB-DEV] [main] [                                                 ] com.netflix.discovery.DiscoveryClient    : Application is null : false
2025-10-17T05:42:53.780Z  INFO 25848 --- [JOB-DEV] [main] [                                                 ] com.netflix.discovery.DiscoveryClient    : Registered Applications size is zero : true
2025-10-17T05:42:53.781Z  INFO 25848 --- [JOB-DEV] [main] [                                                 ] com.netflix.discovery.DiscoveryClient    : Application version is -1: true
2025-10-17T05:42:53.781Z  INFO 25848 --- [JOB-DEV] [main] [                                                 ] com.netflix.discovery.DiscoveryClient    : Getting all instance registry info from the eureka server
2025-10-17T05:42:54.226Z  INFO 25848 --- [JOB-DEV] [main] [                                                 ] com.netflix.discovery.DiscoveryClient    : The response status is 200
2025-10-17T05:42:54.229Z  INFO 25848 --- [JOB-DEV] [main] [                                                 ] com.netflix.discovery.DiscoveryClient    : Starting heartbeat executor: renew interval is: 30
2025-10-17T05:42:54.231Z  INFO 25848 --- [JOB-DEV] [main] [                                                 ] c.n.discovery.InstanceInfoReplicator     : InstanceInfoReplicator onDemand update allowed rate per min is 4
2025-10-17T05:42:54.233Z  INFO 25848 --- [JOB-DEV] [main] [                                                 ] com.netflix.discovery.DiscoveryClient    : Discovery Client initialized at timestamp 1760679774233 with initial instances count: 4
2025-10-17T05:42:54.243Z  INFO 25848 --- [JOB-DEV] [main] [                                                 ] o.s.c.n.e.s.EurekaServiceRegistry        : Registering application JOB-DEV with eureka with status UP
2025-10-17T05:42:54.245Z  INFO 25848 --- [JOB-DEV] [main] [                                                 ] com.netflix.discovery.DiscoveryClient    : Saw local status change event StatusChangeEvent [timestamp=1760679774245, current=UP, previous=STARTING]
2025-10-17T05:42:54.247Z  INFO 25848 --- [JOB-DEV] [DiscoveryClient-InstanceInfoReplicator-%d] [                                                 ] com.netflix.discovery.DiscoveryClient    : DiscoveryClient_JOB-DEV/JOB-DEV:localhost:8081: registering service...
2025-10-17T05:42:54.262Z  INFO 25848 --- [JOB-DEV] [main] [                                                 ] o.s.b.w.embedded.tomcat.TomcatWebServer  : Tomcat started on port 8081 (http) with context path '/api/v1'
2025-10-17T05:42:54.263Z  INFO 25848 --- [JOB-DEV] [main] [                                                 ] .s.c.n.e.s.EurekaAutoServiceRegistration : Updating port to 8081
2025-10-17T05:42:54.311Z  INFO 25848 --- [JOB-DEV] [DiscoveryClient-InstanceInfoReplicator-%d] [                                                 ] com.netflix.discovery.DiscoveryClient    : DiscoveryClient_JOB-DEV/JOB-DEV:localhost:8081 - registration status: 204
2025-10-17T05:42:54.424Z  INFO 25848 --- [JOB-DEV] [main] [                                                 ] com.micro.job.JobApplication             : Started JobApplication in 19.381 seconds (process running for 20.604)
2025-10-17T05:42:54.815Z  INFO 25848 --- [JOB-DEV] [RMI TCP Connection(3)-10.191.90.25] [                                                 ] o.a.c.c.C.[.[localhost].[/api/v1]        : Initializing Spring DispatcherServlet 'dispatcherServlet'
2025-10-17T05:42:54.816Z  INFO 25848 --- [JOB-DEV] [RMI TCP Connection(3)-10.191.90.25] [                                                 ] o.s.web.servlet.DispatcherServlet        : Initializing Servlet 'dispatcherServlet'
2025-10-17T05:42:54.820Z  INFO 25848 --- [JOB-DEV] [RMI TCP Connection(3)-10.191.90.25] [                                                 ] o.s.web.servlet.DispatcherServlet        : Completed initialization in 4 ms
2025-10-17T05:43:03.804Z DEBUG 25848 --- [JOB-DEV] [http-nio-8081-exec-2] [68f1d767dc4fd1a5473b0a3de62e0be8-473b0a3de62e0be8] org.hibernate.SQL                        : 
    select
        j1_0.id,
        j1_0.company_id,
        j1_0.description,
        j1_0.location,
        j1_0.min_salary,
        j1_0.title 
    from
        job j1_0 
    where
        j1_0.id=?
2025-10-17T05:43:05.499Z  INFO 25848 --- [JOB-DEV] [http-nio-8081-exec-2] [68f1d767dc4fd1a5473b0a3de62e0be8-473b0a3de62e0be8] com.micro.job.service.JobService         : Company response: com.micro.job.response.Apiresponse@fb02794
2025-10-17T05:43:05.499Z  INFO 25848 --- [JOB-DEV] [http-nio-8081-exec-2] [68f1d767dc4fd1a5473b0a3de62e0be8-473b0a3de62e0be8] com.micro.job.service.JobService         : Company data: CompanyDto(id=3, name=Compnay 3, description=This is company three)
2025-10-17T05:47:53.801Z  INFO 25848 --- [JOB-DEV] [AsyncResolver-bootstrap-executor-%d] [                                                 ] c.n.d.s.r.aws.ConfigClusterResolver      : Resolving eureka endpoints via configuration
2025-10-17T05:50:46.834Z  INFO 25848 --- [JOB-DEV] [SpringApplicationShutdownHook] [                                                 ] o.s.c.n.e.s.EurekaServiceRegistry        : Unregistering application JOB-DEV with eureka with status DOWN
2025-10-17T05:50:46.841Z  INFO 25848 --- [JOB-DEV] [SpringApplicationShutdownHook] [                                                 ] com.netflix.discovery.DiscoveryClient    : Saw local status change event StatusChangeEvent [timestamp=1760680246841, current=DOWN, previous=UP]
2025-10-17T05:50:46.843Z  INFO 25848 --- [JOB-DEV] [DiscoveryClient-InstanceInfoReplicator-%d] [                                                 ] com.netflix.discovery.DiscoveryClient    : DiscoveryClient_JOB-DEV/JOB-DEV:localhost:8081: registering service...
2025-10-17T05:50:46.928Z  INFO 25848 --- [JOB-DEV] [DiscoveryClient-InstanceInfoReplicator-%d] [                                                 ] com.netflix.discovery.DiscoveryClient    : DiscoveryClient_JOB-DEV/JOB-DEV:localhost:8081 - registration status: 204
2025-10-17T05:50:46.998Z  INFO 25848 --- [JOB-DEV] [SpringApplicationShutdownHook] [                                                 ] o.s.b.w.e.tomcat.GracefulShutdown        : Commencing graceful shutdown. Waiting for active requests to complete
2025-10-17T05:50:47.101Z  INFO 25848 --- [JOB-DEV] [tomcat-shutdown] [                                                 ] o.s.b.w.e.tomcat.GracefulShutdown        : Graceful shutdown complete
2025-10-17T05:50:47.199Z  INFO 25848 --- [JOB-DEV] [SpringApplicationShutdownHook] [                                                 ] j.LocalContainerEntityManagerFactoryBean : Closing JPA EntityManagerFactory for persistence unit 'default'
2025-10-17T05:50:47.243Z  INFO 25848 --- [JOB-DEV] [SpringApplicationShutdownHook] [                                                 ] com.zaxxer.hikari.HikariDataSource       : HikariPool-1 - Shutdown initiated...
2025-10-17T05:50:47.259Z  INFO 25848 --- [JOB-DEV] [SpringApplicationShutdownHook] [                                                 ] com.zaxxer.hikari.HikariDataSource       : HikariPool-1 - Shutdown completed.
2025-10-17T05:50:48.298Z  INFO 25848 --- [JOB-DEV] [SpringApplicationShutdownHook] [                                                 ] com.netflix.discovery.DiscoveryClient    : Shutting down DiscoveryClient ...
2025-10-17T05:50:51.310Z  INFO 25848 --- [JOB-DEV] [SpringApplicationShutdownHook] [                                                 ] com.netflix.discovery.DiscoveryClient    : Unregistering ...
2025-10-17T05:50:51.357Z  INFO 25848 --- [JOB-DEV] [SpringApplicationShutdownHook] [                                                 ] com.netflix.discovery.DiscoveryClient    : DiscoveryClient_JOB-DEV/JOB-DEV:localhost:8081 - deregister  status: 200
2025-10-17T05:50:51.360Z  INFO 25848 --- [JOB-DEV] [SpringApplicationShutdownHook] [                                                 ] com.netflix.discovery.DiscoveryClient    : Completed shut down of DiscoveryClient
2025-10-17T05:51:11.933Z  INFO 16096 --- [JOB-DEV] [main] [                                                 ] com.micro.job.JobApplication             : Starting JobApplication using Java 17.0.14 with PID 16096 (C:\Users\eeshu\Downloads\application\job\build\classes\java\main started by eeshu in C:\Users\eeshu\Downloads\application)
2025-10-17T05:51:11.950Z  INFO 16096 --- [JOB-DEV] [main] [                                                 ] com.micro.job.JobApplication             : The following 1 profile is active: "DEV"
2025-10-17T05:51:12.075Z  INFO 16096 --- [JOB-DEV] [main] [                                                 ] o.s.c.c.c.ConfigServerConfigDataLoader   : Fetching config from server at : http://localhost:8080
2025-10-17T05:51:12.076Z  INFO 16096 --- [JOB-DEV] [main] [                                                 ] o.s.c.c.c.ConfigServerConfigDataLoader   : Located environment: name=application, profiles=[default], label=null, version=2d22e96bb5664f4e78a2c074615fe7bd0c755aac, state=
2025-10-17T05:51:12.076Z  INFO 16096 --- [JOB-DEV] [main] [                                                 ] o.s.c.c.c.ConfigServerConfigDataLoader   : Fetching config from server at : http://localhost:8080
2025-10-17T05:51:12.077Z  INFO 16096 --- [JOB-DEV] [main] [                                                 ] o.s.c.c.c.ConfigServerConfigDataLoader   : Located environment: name=JOB-DEFAULT, profiles=[DEV], label=null, version=2d22e96bb5664f4e78a2c074615fe7bd0c755aac, state=
2025-10-17T05:51:12.077Z  INFO 16096 --- [JOB-DEV] [main] [                                                 ] o.s.c.c.c.ConfigServerConfigDataLoader   : Fetching config from server at : http://localhost:8080
2025-10-17T05:51:12.077Z  INFO 16096 --- [JOB-DEV] [main] [                                                 ] o.s.c.c.c.ConfigServerConfigDataLoader   : Located environment: name=JOB-DEFAULT, profiles=[default], label=null, version=2d22e96bb5664f4e78a2c074615fe7bd0c755aac, state=
2025-10-17T05:51:15.475Z  INFO 16096 --- [JOB-DEV] [main] [                                                 ] .s.d.r.c.RepositoryConfigurationDelegate : Bootstrapping Spring Data JPA repositories in DEFAULT mode.
2025-10-17T05:51:15.795Z  INFO 16096 --- [JOB-DEV] [main] [                                                 ] .s.d.r.c.RepositoryConfigurationDelegate : Finished Spring Data repository scanning in 303 ms. Found 1 JPA repository interface.
2025-10-17T05:51:16.217Z  INFO 16096 --- [JOB-DEV] [main] [                                                 ] o.s.cloud.context.scope.GenericScope     : BeanFactory id=c958a48f-4e5a-3725-b6f0-23da6df55161
2025-10-17T05:51:17.237Z  INFO 16096 --- [JOB-DEV] [main] [                                                 ] o.s.b.w.embedded.tomcat.TomcatWebServer  : Tomcat initialized with port 8081 (http)
2025-10-17T05:51:17.262Z  INFO 16096 --- [JOB-DEV] [main] [                                                 ] o.apache.catalina.core.StandardService   : Starting service [Tomcat]
2025-10-17T05:51:17.262Z  INFO 16096 --- [JOB-DEV] [main] [                                                 ] o.apache.catalina.core.StandardEngine    : Starting Servlet engine: [Apache Tomcat/10.1.46]
2025-10-17T05:51:17.368Z  INFO 16096 --- [JOB-DEV] [main] [                                                 ] o.a.c.c.C.[.[localhost].[/api/v1]        : Initializing Spring embedded WebApplicationContext
2025-10-17T05:51:17.369Z  INFO 16096 --- [JOB-DEV] [main] [                                                 ] w.s.c.ServletWebServerApplicationContext : Root WebApplicationContext: initialization completed in 5285 ms
2025-10-17T05:51:18.580Z  INFO 16096 --- [JOB-DEV] [main] [                                                 ] o.hibernate.jpa.internal.util.LogHelper  : HHH000204: Processing PersistenceUnitInfo [name: default]
2025-10-17T05:51:18.696Z  INFO 16096 --- [JOB-DEV] [main] [                                                 ] org.hibernate.Version                    : HHH000412: Hibernate ORM core version 6.6.29.Final
2025-10-17T05:51:18.755Z  INFO 16096 --- [JOB-DEV] [main] [                                                 ] o.h.c.internal.RegionFactoryInitiator    : HHH000026: Second-level cache disabled
2025-10-17T05:51:19.249Z  INFO 16096 --- [JOB-DEV] [main] [                                                 ] o.s.o.j.p.SpringPersistenceUnitInfo      : No LoadTimeWeaver setup: ignoring JPA class transformer
2025-10-17T05:51:19.307Z  INFO 16096 --- [JOB-DEV] [main] [                                                 ] com.zaxxer.hikari.HikariDataSource       : HikariPool-1 - Starting...
2025-10-17T05:51:19.977Z  INFO 16096 --- [JOB-DEV] [main] [                                                 ] com.zaxxer.hikari.pool.HikariPool        : HikariPool-1 - Added connection org.postgresql.jdbc.PgConnection@1a000fff
2025-10-17T05:51:19.993Z  INFO 16096 --- [JOB-DEV] [main] [                                                 ] com.zaxxer.hikari.HikariDataSource       : HikariPool-1 - Start completed.
2025-10-17T05:51:20.595Z  INFO 16096 --- [JOB-DEV] [main] [                                                 ] org.hibernate.orm.connections.pooling    : HHH10001005: Database info:
	Database JDBC URL [Connecting through datasource 'HikariDataSource (HikariPool-1)']
	Database driver: undefined/unknown
	Database version: 15.14
	Autocommit mode: undefined/unknown
	Isolation level: undefined/unknown
	Minimum pool size: undefined/unknown
	Maximum pool size: undefined/unknown
2025-10-17T05:51:23.325Z  INFO 16096 --- [JOB-DEV] [main] [                                                 ] o.h.e.t.j.p.i.JtaPlatformInitiator       : HHH000489: No JTA platform available (set 'hibernate.transaction.jta.platform' to enable JTA platform integration)
2025-10-17T05:51:23.497Z  INFO 16096 --- [JOB-DEV] [main] [                                                 ] j.LocalContainerEntityManagerFactoryBean : Initialized JPA EntityManagerFactory for persistence unit 'default'
2025-10-17T05:51:24.552Z  WARN 16096 --- [JOB-DEV] [main] [                                                 ] JpaBaseConfiguration$JpaWebConfiguration : spring.jpa.open-in-view is enabled by default. Therefore, database queries may be performed during view rendering. Explicitly configure spring.jpa.open-in-view to disable this warning
2025-10-17T05:51:25.287Z  INFO 16096 --- [JOB-DEV] [main] [                                                 ] o.s.c.openfeign.FeignClientFactoryBean   : For 'COMPANY' URL not provided. Will try picking an instance via load-balancing.
2025-10-17T05:51:29.679Z  INFO 16096 --- [JOB-DEV] [main] [                                                 ] DiscoveryClientOptionalArgsConfiguration : Eureka HTTP Client uses RestTemplate.
2025-10-17T05:51:29.881Z  WARN 16096 --- [JOB-DEV] [main] [                                                 ] iguration$LoadBalancerCaffeineWarnLogger : Spring Cloud LoadBalancer is currently working with the default cache. While this cache implementation is useful for development and tests, it's recommended to use Caffeine cache in production.You can switch to using Caffeine cache, by adding it and org.springframework.cache.caffeine.CaffeineCacheManager to the classpath.
2025-10-17T05:51:30.016Z  INFO 16096 --- [JOB-DEV] [main] [                                                 ] o.s.b.a.e.web.EndpointLinksResolver      : Exposing 1 endpoint beneath base path '/actuator'
2025-10-17T05:51:30.278Z  INFO 16096 --- [JOB-DEV] [main] [                                                 ] o.s.c.n.eureka.InstanceInfoFactory       : Setting initial instance status as: STARTING
2025-10-17T05:51:30.343Z  INFO 16096 --- [JOB-DEV] [main] [                                                 ] com.netflix.discovery.DiscoveryClient    : Initializing Eureka in region us-east-1
2025-10-17T05:51:30.348Z  INFO 16096 --- [JOB-DEV] [main] [                                                 ] c.n.d.s.r.aws.ConfigClusterResolver      : Resolving eureka endpoints via configuration
2025-10-17T05:51:30.362Z  INFO 16096 --- [JOB-DEV] [main] [                                                 ] com.netflix.discovery.DiscoveryClient    : Disable delta property : false
2025-10-17T05:51:30.362Z  INFO 16096 --- [JOB-DEV] [main] [                                                 ] com.netflix.discovery.DiscoveryClient    : Single vip registry refresh property : null
2025-10-17T05:51:30.362Z  INFO 16096 --- [JOB-DEV] [main] [                                                 ] com.netflix.discovery.DiscoveryClient    : Force full registry fetch : false
2025-10-17T05:51:30.362Z  INFO 16096 --- [JOB-DEV] [main] [                                                 ] com.netflix.discovery.DiscoveryClient    : Application is null : false
2025-10-17T05:51:30.362Z  INFO 16096 --- [JOB-DEV] [main] [                                                 ] com.netflix.discovery.DiscoveryClient    : Registered Applications size is zero : true
2025-10-17T05:51:30.362Z  INFO 16096 --- [JOB-DEV] [main] [                                                 ] com.netflix.discovery.DiscoveryClient    : Application version is -1: true
2025-10-17T05:51:30.363Z  INFO 16096 --- [JOB-DEV] [main] [                                                 ] com.netflix.discovery.DiscoveryClient    : Getting all instance registry info from the eureka server
2025-10-17T05:51:31.117Z  INFO 16096 --- [JOB-DEV] [main] [                                                 ] com.netflix.discovery.DiscoveryClient    : The response status is 200
2025-10-17T05:51:31.120Z  INFO 16096 --- [JOB-DEV] [main] [                                                 ] com.netflix.discovery.DiscoveryClient    : Starting heartbeat executor: renew interval is: 30
2025-10-17T05:51:31.127Z  INFO 16096 --- [JOB-DEV] [main] [                                                 ] c.n.discovery.InstanceInfoReplicator     : InstanceInfoReplicator onDemand update allowed rate per min is 4
2025-10-17T05:51:31.130Z  INFO 16096 --- [JOB-DEV] [main] [                                                 ] com.netflix.discovery.DiscoveryClient    : Discovery Client initialized at timestamp 1760680291130 with initial instances count: 3
2025-10-17T05:51:31.172Z  INFO 16096 --- [JOB-DEV] [main] [                                                 ] o.s.c.n.e.s.EurekaServiceRegistry        : Registering application JOB-DEV with eureka with status UP
2025-10-17T05:51:31.174Z  INFO 16096 --- [JOB-DEV] [main] [                                                 ] com.netflix.discovery.DiscoveryClient    : Saw local status change event StatusChangeEvent [timestamp=1760680291174, current=UP, previous=STARTING]
2025-10-17T05:51:31.178Z  INFO 16096 --- [JOB-DEV] [DiscoveryClient-InstanceInfoReplicator-%d] [                                                 ] com.netflix.discovery.DiscoveryClient    : DiscoveryClient_JOB-DEV/JOB-DEV:localhost:8081: registering service...
2025-10-17T05:51:31.224Z  INFO 16096 --- [JOB-DEV] [main] [                                                 ] o.s.b.w.embedded.tomcat.TomcatWebServer  : Tomcat started on port 8081 (http) with context path '/api/v1'
2025-10-17T05:51:31.226Z  INFO 16096 --- [JOB-DEV] [main] [                                                 ] .s.c.n.e.s.EurekaAutoServiceRegistration : Updating port to 8081
2025-10-17T05:51:31.349Z  INFO 16096 --- [JOB-DEV] [DiscoveryClient-InstanceInfoReplicator-%d] [                                                 ] com.netflix.discovery.DiscoveryClient    : DiscoveryClient_JOB-DEV/JOB-DEV:localhost:8081 - registration status: 204
2025-10-17T05:51:31.566Z  INFO 16096 --- [JOB-DEV] [main] [                                                 ] com.micro.job.JobApplication             : Started JobApplication in 25.9 seconds (process running for 26.835)
2025-10-17T05:51:32.127Z  INFO 16096 --- [JOB-DEV] [RMI TCP Connection(6)-10.191.90.25] [                                                 ] o.a.c.c.C.[.[localhost].[/api/v1]        : Initializing Spring DispatcherServlet 'dispatcherServlet'
2025-10-17T05:51:32.127Z  INFO 16096 --- [JOB-DEV] [RMI TCP Connection(6)-10.191.90.25] [                                                 ] o.s.web.servlet.DispatcherServlet        : Initializing Servlet 'dispatcherServlet'
2025-10-17T05:51:32.132Z  INFO 16096 --- [JOB-DEV] [RMI TCP Connection(6)-10.191.90.25] [                                                 ] o.s.web.servlet.DispatcherServlet        : Completed initialization in 4 ms
2025-10-17T05:52:15.518Z  INFO 16096 --- [JOB-DEV] [SpringApplicationShutdownHook] [                                                 ] o.s.c.n.e.s.EurekaServiceRegistry        : Unregistering application JOB-DEV with eureka with status DOWN
2025-10-17T05:52:15.522Z  INFO 16096 --- [JOB-DEV] [SpringApplicationShutdownHook] [                                                 ] com.netflix.discovery.DiscoveryClient    : Saw local status change event StatusChangeEvent [timestamp=1760680335522, current=DOWN, previous=UP]
2025-10-17T05:52:15.522Z  INFO 16096 --- [JOB-DEV] [DiscoveryClient-InstanceInfoReplicator-%d] [                                                 ] com.netflix.discovery.DiscoveryClient    : DiscoveryClient_JOB-DEV/JOB-DEV:localhost:8081: registering service...
2025-10-17T05:52:15.542Z  INFO 16096 --- [JOB-DEV] [SpringApplicationShutdownHook] [                                                 ] o.s.b.w.e.tomcat.GracefulShutdown        : Commencing graceful shutdown. Waiting for active requests to complete
2025-10-17T05:52:15.560Z  INFO 16096 --- [JOB-DEV] [DiscoveryClient-InstanceInfoReplicator-%d] [                                                 ] com.netflix.discovery.DiscoveryClient    : DiscoveryClient_JOB-DEV/JOB-DEV:localhost:8081 - registration status: 204
2025-10-17T05:52:15.624Z  INFO 16096 --- [JOB-DEV] [tomcat-shutdown] [                                                 ] o.s.b.w.e.tomcat.GracefulShutdown        : Graceful shutdown complete
2025-10-17T05:52:15.666Z  INFO 16096 --- [JOB-DEV] [SpringApplicationShutdownHook] [                                                 ] j.LocalContainerEntityManagerFactoryBean : Closing JPA EntityManagerFactory for persistence unit 'default'
2025-10-17T05:52:15.757Z  INFO 16096 --- [JOB-DEV] [SpringApplicationShutdownHook] [                                                 ] com.zaxxer.hikari.HikariDataSource       : HikariPool-1 - Shutdown initiated...
2025-10-17T05:52:15.770Z  INFO 16096 --- [JOB-DEV] [SpringApplicationShutdownHook] [                                                 ] com.zaxxer.hikari.HikariDataSource       : HikariPool-1 - Shutdown completed.
2025-10-17T05:52:15.875Z  INFO 16096 --- [JOB-DEV] [SpringApplicationShutdownHook] [                                                 ] com.netflix.discovery.DiscoveryClient    : Shutting down DiscoveryClient ...
2025-10-17T05:52:18.879Z  INFO 16096 --- [JOB-DEV] [SpringApplicationShutdownHook] [                                                 ] com.netflix.discovery.DiscoveryClient    : Unregistering ...
2025-10-17T05:52:18.897Z  INFO 16096 --- [JOB-DEV] [SpringApplicationShutdownHook] [                                                 ] com.netflix.discovery.DiscoveryClient    : DiscoveryClient_JOB-DEV/JOB-DEV:localhost:8081 - deregister  status: 200
2025-10-17T05:52:18.898Z  INFO 16096 --- [JOB-DEV] [SpringApplicationShutdownHook] [                                                 ] com.netflix.discovery.DiscoveryClient    : Completed shut down of DiscoveryClient
2025-10-17T05:54:42.122Z  INFO 25020 --- [JOB-DEV] [main] [                                                 ] com.micro.job.JobApplication             : Starting JobApplication using Java 17.0.14 with PID 25020 (C:\Users\eeshu\Downloads\application\job\build\classes\java\main started by eeshu in C:\Users\eeshu\Downloads\application)
2025-10-17T05:54:42.125Z  INFO 25020 --- [JOB-DEV] [main] [                                                 ] com.micro.job.JobApplication             : The following 1 profile is active: "DEV"
2025-10-17T05:54:42.162Z  INFO 25020 --- [JOB-DEV] [main] [                                                 ] o.s.c.c.c.ConfigServerConfigDataLoader   : Fetching config from server at : http://localhost:8080
2025-10-17T05:54:42.162Z  INFO 25020 --- [JOB-DEV] [main] [                                                 ] o.s.c.c.c.ConfigServerConfigDataLoader   : Located environment: name=application, profiles=[default], label=null, version=2d22e96bb5664f4e78a2c074615fe7bd0c755aac, state=
2025-10-17T05:54:42.162Z  INFO 25020 --- [JOB-DEV] [main] [                                                 ] o.s.c.c.c.ConfigServerConfigDataLoader   : Fetching config from server at : http://localhost:8080
2025-10-17T05:54:42.162Z  INFO 25020 --- [JOB-DEV] [main] [                                                 ] o.s.c.c.c.ConfigServerConfigDataLoader   : Located environment: name=JOB-DEFAULT, profiles=[DEV], label=null, version=2d22e96bb5664f4e78a2c074615fe7bd0c755aac, state=
2025-10-17T05:54:42.162Z  INFO 25020 --- [JOB-DEV] [main] [                                                 ] o.s.c.c.c.ConfigServerConfigDataLoader   : Fetching config from server at : http://localhost:8080
2025-10-17T05:54:42.162Z  INFO 25020 --- [JOB-DEV] [main] [                                                 ] o.s.c.c.c.ConfigServerConfigDataLoader   : Located environment: name=JOB-DEFAULT, profiles=[default], label=null, version=2d22e96bb5664f4e78a2c074615fe7bd0c755aac, state=
2025-10-17T05:54:43.187Z  INFO 25020 --- [JOB-DEV] [main] [                                                 ] .s.d.r.c.RepositoryConfigurationDelegate : Bootstrapping Spring Data JPA repositories in DEFAULT mode.
2025-10-17T05:54:43.434Z  INFO 25020 --- [JOB-DEV] [main] [                                                 ] .s.d.r.c.RepositoryConfigurationDelegate : Finished Spring Data repository scanning in 233 ms. Found 1 JPA repository interface.
2025-10-17T05:54:43.772Z  INFO 25020 --- [JOB-DEV] [main] [                                                 ] o.s.cloud.context.scope.GenericScope     : BeanFactory id=c958a48f-4e5a-3725-b6f0-23da6df55161
2025-10-17T05:54:44.678Z  INFO 25020 --- [JOB-DEV] [main] [                                                 ] o.s.b.w.embedded.tomcat.TomcatWebServer  : Tomcat initialized with port 8081 (http)
2025-10-17T05:54:44.699Z  INFO 25020 --- [JOB-DEV] [main] [                                                 ] o.apache.catalina.core.StandardService   : Starting service [Tomcat]
2025-10-17T05:54:44.699Z  INFO 25020 --- [JOB-DEV] [main] [                                                 ] o.apache.catalina.core.StandardEngine    : Starting Servlet engine: [Apache Tomcat/10.1.46]
2025-10-17T05:54:44.768Z  INFO 25020 --- [JOB-DEV] [main] [                                                 ] o.a.c.c.C.[.[localhost].[/api/v1]        : Initializing Spring embedded WebApplicationContext
2025-10-17T05:54:44.768Z  INFO 25020 --- [JOB-DEV] [main] [                                                 ] w.s.c.ServletWebServerApplicationContext : Root WebApplicationContext: initialization completed in 2604 ms
2025-10-17T05:54:45.580Z  INFO 25020 --- [JOB-DEV] [main] [                                                 ] o.hibernate.jpa.internal.util.LogHelper  : HHH000204: Processing PersistenceUnitInfo [name: default]
2025-10-17T05:54:45.726Z  INFO 25020 --- [JOB-DEV] [main] [                                                 ] org.hibernate.Version                    : HHH000412: Hibernate ORM core version 6.6.29.Final
2025-10-17T05:54:45.785Z  INFO 25020 --- [JOB-DEV] [main] [                                                 ] o.h.c.internal.RegionFactoryInitiator    : HHH000026: Second-level cache disabled
2025-10-17T05:54:46.245Z  INFO 25020 --- [JOB-DEV] [main] [                                                 ] o.s.o.j.p.SpringPersistenceUnitInfo      : No LoadTimeWeaver setup: ignoring JPA class transformer
2025-10-17T05:54:46.287Z  INFO 25020 --- [JOB-DEV] [main] [                                                 ] com.zaxxer.hikari.HikariDataSource       : HikariPool-1 - Starting...
2025-10-17T05:54:46.567Z  INFO 25020 --- [JOB-DEV] [main] [                                                 ] com.zaxxer.hikari.pool.HikariPool        : HikariPool-1 - Added connection org.postgresql.jdbc.PgConnection@7b5e5fa
2025-10-17T05:54:46.568Z  INFO 25020 --- [JOB-DEV] [main] [                                                 ] com.zaxxer.hikari.HikariDataSource       : HikariPool-1 - Start completed.
2025-10-17T05:54:46.713Z  INFO 25020 --- [JOB-DEV] [main] [                                                 ] org.hibernate.orm.connections.pooling    : HHH10001005: Database info:
	Database JDBC URL [Connecting through datasource 'HikariDataSource (HikariPool-1)']
	Database driver: undefined/unknown
	Database version: 15.14
	Autocommit mode: undefined/unknown
	Isolation level: undefined/unknown
	Minimum pool size: undefined/unknown
	Maximum pool size: undefined/unknown
2025-10-17T05:54:47.756Z  INFO 25020 --- [JOB-DEV] [main] [                                                 ] o.h.e.t.j.p.i.JtaPlatformInitiator       : HHH000489: No JTA platform available (set 'hibernate.transaction.jta.platform' to enable JTA platform integration)
2025-10-17T05:54:47.877Z  INFO 25020 --- [JOB-DEV] [main] [                                                 ] j.LocalContainerEntityManagerFactoryBean : Initialized JPA EntityManagerFactory for persistence unit 'default'
2025-10-17T05:54:48.171Z  WARN 25020 --- [JOB-DEV] [main] [                                                 ] JpaBaseConfiguration$JpaWebConfiguration : spring.jpa.open-in-view is enabled by default. Therefore, database queries may be performed during view rendering. Explicitly configure spring.jpa.open-in-view to disable this warning
2025-10-17T05:54:48.386Z  INFO 25020 --- [JOB-DEV] [main] [                                                 ] o.s.c.openfeign.FeignClientFactoryBean   : For 'COMPANY' URL not provided. Will try picking an instance via load-balancing.
2025-10-17T05:54:49.803Z  INFO 25020 --- [JOB-DEV] [main] [                                                 ] DiscoveryClientOptionalArgsConfiguration : Eureka HTTP Client uses RestTemplate.
2025-10-17T05:54:49.846Z  WARN 25020 --- [JOB-DEV] [main] [                                                 ] iguration$LoadBalancerCaffeineWarnLogger : Spring Cloud LoadBalancer is currently working with the default cache. While this cache implementation is useful for development and tests, it's recommended to use Caffeine cache in production.You can switch to using Caffeine cache, by adding it and org.springframework.cache.caffeine.CaffeineCacheManager to the classpath.
2025-10-17T05:54:49.863Z  INFO 25020 --- [JOB-DEV] [main] [                                                 ] o.s.b.a.e.web.EndpointLinksResolver      : Exposing 1 endpoint beneath base path '/actuator'
2025-10-17T05:54:49.942Z  INFO 25020 --- [JOB-DEV] [main] [                                                 ] o.s.c.n.eureka.InstanceInfoFactory       : Setting initial instance status as: STARTING
2025-10-17T05:54:49.963Z  INFO 25020 --- [JOB-DEV] [main] [                                                 ] com.netflix.discovery.DiscoveryClient    : Initializing Eureka in region us-east-1
2025-10-17T05:54:49.966Z  INFO 25020 --- [JOB-DEV] [main] [                                                 ] c.n.d.s.r.aws.ConfigClusterResolver      : Resolving eureka endpoints via configuration
2025-10-17T05:54:49.972Z  INFO 25020 --- [JOB-DEV] [main] [                                                 ] com.netflix.discovery.DiscoveryClient    : Disable delta property : false
2025-10-17T05:54:49.972Z  INFO 25020 --- [JOB-DEV] [main] [                                                 ] com.netflix.discovery.DiscoveryClient    : Single vip registry refresh property : null
2025-10-17T05:54:49.973Z  INFO 25020 --- [JOB-DEV] [main] [                                                 ] com.netflix.discovery.DiscoveryClient    : Force full registry fetch : false
2025-10-17T05:54:49.973Z  INFO 25020 --- [JOB-DEV] [main] [                                                 ] com.netflix.discovery.DiscoveryClient    : Application is null : false
2025-10-17T05:54:49.973Z  INFO 25020 --- [JOB-DEV] [main] [                                                 ] com.netflix.discovery.DiscoveryClient    : Registered Applications size is zero : true
2025-10-17T05:54:49.973Z  INFO 25020 --- [JOB-DEV] [main] [                                                 ] com.netflix.discovery.DiscoveryClient    : Application version is -1: true
2025-10-17T05:54:49.973Z  INFO 25020 --- [JOB-DEV] [main] [                                                 ] com.netflix.discovery.DiscoveryClient    : Getting all instance registry info from the eureka server
2025-10-17T05:54:50.164Z  INFO 25020 --- [JOB-DEV] [main] [                                                 ] com.netflix.discovery.DiscoveryClient    : The response status is 200
2025-10-17T05:54:50.166Z  INFO 25020 --- [JOB-DEV] [main] [                                                 ] com.netflix.discovery.DiscoveryClient    : Starting heartbeat executor: renew interval is: 30
2025-10-17T05:54:50.167Z  INFO 25020 --- [JOB-DEV] [main] [                                                 ] c.n.discovery.InstanceInfoReplicator     : InstanceInfoReplicator onDemand update allowed rate per min is 4
2025-10-17T05:54:50.167Z  INFO 25020 --- [JOB-DEV] [main] [                                                 ] com.netflix.discovery.DiscoveryClient    : Discovery Client initialized at timestamp 1760680490167 with initial instances count: 3
2025-10-17T05:54:50.175Z  INFO 25020 --- [JOB-DEV] [main] [                                                 ] o.s.c.n.e.s.EurekaServiceRegistry        : Registering application JOB-DEV with eureka with status UP
2025-10-17T05:54:50.176Z  INFO 25020 --- [JOB-DEV] [main] [                                                 ] com.netflix.discovery.DiscoveryClient    : Saw local status change event StatusChangeEvent [timestamp=1760680490176, current=UP, previous=STARTING]
2025-10-17T05:54:50.176Z  INFO 25020 --- [JOB-DEV] [DiscoveryClient-InstanceInfoReplicator-%d] [                                                 ] com.netflix.discovery.DiscoveryClient    : DiscoveryClient_JOB-DEV/JOB-DEV:localhost:8081: registering service...
2025-10-17T05:54:50.186Z  INFO 25020 --- [JOB-DEV] [main] [                                                 ] o.s.b.w.embedded.tomcat.TomcatWebServer  : Tomcat started on port 8081 (http) with context path '/api/v1'
2025-10-17T05:54:50.187Z  INFO 25020 --- [JOB-DEV] [main] [                                                 ] .s.c.n.e.s.EurekaAutoServiceRegistration : Updating port to 8081
2025-10-17T05:54:50.218Z  INFO 25020 --- [JOB-DEV] [DiscoveryClient-InstanceInfoReplicator-%d] [                                                 ] com.netflix.discovery.DiscoveryClient    : DiscoveryClient_JOB-DEV/JOB-DEV:localhost:8081 - registration status: 204
2025-10-17T05:54:50.292Z  INFO 25020 --- [JOB-DEV] [main] [                                                 ] com.micro.job.JobApplication             : Started JobApplication in 13.355 seconds (process running for 14.142)
2025-10-17T05:54:50.487Z  INFO 25020 --- [JOB-DEV] [RMI TCP Connection(2)-10.191.90.25] [                                                 ] o.a.c.c.C.[.[localhost].[/api/v1]        : Initializing Spring DispatcherServlet 'dispatcherServlet'
2025-10-17T05:54:50.487Z  INFO 25020 --- [JOB-DEV] [RMI TCP Connection(2)-10.191.90.25] [                                                 ] o.s.web.servlet.DispatcherServlet        : Initializing Servlet 'dispatcherServlet'
2025-10-17T05:54:50.490Z  INFO 25020 --- [JOB-DEV] [RMI TCP Connection(2)-10.191.90.25] [                                                 ] o.s.web.servlet.DispatcherServlet        : Completed initialization in 3 ms
2025-10-17T05:55:51.027Z  INFO 25020 --- [JOB-DEV] [SpringApplicationShutdownHook] [                                                 ] o.s.c.n.e.s.EurekaServiceRegistry        : Unregistering application JOB-DEV with eureka with status DOWN
2025-10-17T05:55:51.027Z  INFO 25020 --- [JOB-DEV] [SpringApplicationShutdownHook] [                                                 ] com.netflix.discovery.DiscoveryClient    : Saw local status change event StatusChangeEvent [timestamp=1760680551027, current=DOWN, previous=UP]
2025-10-17T05:55:51.028Z  INFO 25020 --- [JOB-DEV] [DiscoveryClient-InstanceInfoReplicator-%d] [                                                 ] com.netflix.discovery.DiscoveryClient    : DiscoveryClient_JOB-DEV/JOB-DEV:localhost:8081: registering service...
2025-10-17T05:55:51.030Z  INFO 25020 --- [JOB-DEV] [SpringApplicationShutdownHook] [                                                 ] o.s.b.w.e.tomcat.GracefulShutdown        : Commencing graceful shutdown. Waiting for active requests to complete
2025-10-17T05:55:51.032Z  INFO 25020 --- [JOB-DEV] [DiscoveryClient-InstanceInfoReplicator-%d] [                                                 ] com.netflix.discovery.DiscoveryClient    : DiscoveryClient_JOB-DEV/JOB-DEV:localhost:8081 - registration status: 204
2025-10-17T05:55:51.097Z  INFO 25020 --- [JOB-DEV] [tomcat-shutdown] [                                                 ] o.s.b.w.e.tomcat.GracefulShutdown        : Graceful shutdown complete
2025-10-17T05:55:51.104Z  INFO 25020 --- [JOB-DEV] [SpringApplicationShutdownHook] [                                                 ] j.LocalContainerEntityManagerFactoryBean : Closing JPA EntityManagerFactory for persistence unit 'default'
2025-10-17T05:55:51.106Z  INFO 25020 --- [JOB-DEV] [SpringApplicationShutdownHook] [                                                 ] com.zaxxer.hikari.HikariDataSource       : HikariPool-1 - Shutdown initiated...
2025-10-17T05:55:51.109Z  INFO 25020 --- [JOB-DEV] [SpringApplicationShutdownHook] [                                                 ] com.zaxxer.hikari.HikariDataSource       : HikariPool-1 - Shutdown completed.
2025-10-17T05:55:51.861Z  INFO 25020 --- [JOB-DEV] [SpringApplicationShutdownHook] [                                                 ] com.netflix.discovery.DiscoveryClient    : Shutting down DiscoveryClient ...
2025-10-17T05:55:54.872Z  INFO 25020 --- [JOB-DEV] [SpringApplicationShutdownHook] [                                                 ] com.netflix.discovery.DiscoveryClient    : Unregistering ...
2025-10-17T05:55:54.891Z  INFO 25020 --- [JOB-DEV] [SpringApplicationShutdownHook] [                                                 ] com.netflix.discovery.DiscoveryClient    : DiscoveryClient_JOB-DEV/JOB-DEV:localhost:8081 - deregister  status: 200
2025-10-17T05:55:54.892Z  INFO 25020 --- [JOB-DEV] [SpringApplicationShutdownHook] [                                                 ] com.netflix.discovery.DiscoveryClient    : Completed shut down of DiscoveryClient
